Using pre-set license
Built from '2020.3/china_unity/release' branch; Version is '2020.3.4f1c1 (3d27070cb163) revision 4007687'; Using compiler version '192528614'; Build Type 'Release'
OS: 'Windows 10 Home; OS build 19042.928; Version 2009; 64bit' Language: 'zh' Physical Memory: 16332 MB
BatchMode: 1, IsHumanControllingUs: 0, StartBugReporterOnCrash: 0, Is64bit: 1, IsPro: 0

 COMMAND LINE ARGUMENTS:
E:\2020.3.4f1c1\Editor\Unity.exe
-adb2
-batchMode
-noUpm
-name
AssetImportWorker0
-projectPath
E:/project file/Learning_to_make
-logFile
Logs/AssetImportWorker0.log
-srvPort
55277
Successfully changed project path to: E:/project file/Learning_to_make
E:/project file/Learning_to_make
Using Asset Import Pipeline V2.
Refreshing native plugins compatible for Editor in 27.31 ms, found 0 plugins.
Preloading 0 native plugins for Editor in 0.00 ms.
Initialize engine version: 2020.3.4f1c1 (3d27070cb163)
[Subsystems] Discovering subsystems at path E:/2020.3.4f1c1/Editor/Data/Resources/UnitySubsystems
[Subsystems] Discovering subsystems at path E:/project file/Learning_to_make/Assets
GfxDevice: creating device client; threaded=0
Direct3D:
    Version:  Direct3D 11.0 [level 11.1]
    Renderer: NVIDIA GeForce RTX 2070 SUPER (ID=0x1e84)
    Vendor:   
    VRAM:     8011 MB
    Driver:   27.21.14.6611
Initialize mono
Mono path[0] = 'E:/2020.3.4f1c1/Editor/Data/Managed'
Mono path[1] = 'E:/2020.3.4f1c1/Editor/Data/MonoBleedingEdge/lib/mono/unityjit'
Mono config path = 'E:/2020.3.4f1c1/Editor/Data/MonoBleedingEdge/etc'
Using monoOptions --debugger-agent=transport=dt_socket,embedding=1,server=y,suspend=n,address=127.0.0.1:56052
Begin MonoManager ReloadAssembly
Registering precompiled unity dll's ...
Register platform support module: E:/2020.3.4f1c1/Editor/Data/PlaybackEngines/WebGLSupport/UnityEditor.WebGL.Extensions.dll
Register platform support module: E:/2020.3.4f1c1/Editor/Data/PlaybackEngines/WindowsStandaloneSupport/UnityEditor.WindowsStandalone.Extensions.dll
Registered in 0.002760 seconds.
Native extension for WindowsStandalone target not found
Native extension for WebGL target not found
Refreshing native plugins compatible for Editor in 28.10 ms, found 0 plugins.
Preloading 0 native plugins for Editor in 0.00 ms.
Mono: successfully reloaded assembly
- Completed reload, in  0.746 seconds
Platform modules already initialized, skipping
Registering precompiled user dll's ...
Registered in 0.000621 seconds.
Begin MonoManager ReloadAssembly
Native extension for WindowsStandalone target not found
Native extension for WebGL target not found
Refreshing native plugins compatible for Editor in 0.33 ms, found 0 plugins.
Preloading 0 native plugins for Editor in 0.00 ms.
Mono: successfully reloaded assembly
- Completed reload, in  0.750 seconds
Platform modules already initialized, skipping
========================================================================
Worker process is ready to serve import requests
Launched and connected shader compiler UnityShaderCompiler.exe after 0.11 seconds
Refreshing native plugins compatible for Editor in 0.49 ms, found 0 plugins.
Preloading 0 native plugins for Editor in 0.00 ms.
Unloading 1151 Unused Serialized files (Serialized files now loaded: 0)
System memory in use before: 63.5 MB.
System memory in use after: 63.6 MB.

Unloading 10 unused Assets to reduce memory usage. Loaded Objects now: 1594.
Total: 1.598900 ms (FindLiveObjects: 0.170600 ms CreateObjectMapping: 0.030200 ms MarkObjects: 1.324600 ms  DeleteObjects: 0.072400 ms)

========================================================================
Received Import Request.
  path: Assets/Prefabs/Walls
  artifactKey: Guid(e571fd32bdb81704d80a149c4f7cbe9d) Importer(815301076,1909f56bfc062723c751e8b465ee728b)
Start importing Assets/Prefabs/Walls using Guid(e571fd32bdb81704d80a149c4f7cbe9d) Importer(815301076,1909f56bfc062723c751e8b465ee728b)  -> (artifact id: 'f48a6fb564063b0958b88b0f28864428') in 0.005623 seconds
  Import took 0.008627 seconds .

========================================================================
Received Import Request.
  Time since last request: 1.283195 seconds.
  path: Assets/Prefabs/Walls/Wall_U.prefab
  artifactKey: Guid(200465c7294ac7a49af98161597f2c88) Importer(815301076,1909f56bfc062723c751e8b465ee728b)
Start importing Assets/Prefabs/Walls/Wall_U.prefab using Guid(200465c7294ac7a49af98161597f2c88) Importer(815301076,1909f56bfc062723c751e8b465ee728b)  -> (artifact id: 'c88cf281ab5f5748c8cfdc31cf186a95') in 0.085292 seconds
  Import took 0.088032 seconds .

========================================================================
Received Import Request.
  Time since last request: 52.938390 seconds.
  path: Assets/Prefabs/Walls/Wall_U 1.prefab
  artifactKey: Guid(7f9baf8dfc11c724682ccc42f36962b3) Importer(815301076,1909f56bfc062723c751e8b465ee728b)
Start importing Assets/Prefabs/Walls/Wall_U 1.prefab using Guid(7f9baf8dfc11c724682ccc42f36962b3) Importer(815301076,1909f56bfc062723c751e8b465ee728b)  -> (artifact id: 'a1125d326a82613a65c5bfc974bfbd60') in 0.009669 seconds
  Import took 0.012668 seconds .

========================================================================
Received Import Request.
  Time since last request: 13.608136 seconds.
  path: Assets/Prefabs/Walls/Wall_L.prefab
  artifactKey: Guid(7f9baf8dfc11c724682ccc42f36962b3) Importer(815301076,1909f56bfc062723c751e8b465ee728b)
Start importing Assets/Prefabs/Walls/Wall_L.prefab using Guid(7f9baf8dfc11c724682ccc42f36962b3) Importer(815301076,1909f56bfc062723c751e8b465ee728b)  -> (artifact id: '875282d58d1bd7797e464bbea0229fa5') in 0.009247 seconds
  Import took 0.012090 seconds .

========================================================================
Received Import Request.
  Time since last request: 4.780159 seconds.
  path: Assets/Art Assets/Sunny Land Forest Assets/Artwork/Sprites/misc/hud/hud-1.png
  artifactKey: Guid(b18aa9795ff504f048a193653a6aaaa6) Importer(815301076,1909f56bfc062723c751e8b465ee728b)
Start importing Assets/Art Assets/Sunny Land Forest Assets/Artwork/Sprites/misc/hud/hud-1.png using Guid(b18aa9795ff504f048a193653a6aaaa6) Importer(815301076,1909f56bfc062723c751e8b465ee728b)  -> (artifact id: '25c67b8d9dd3892c274ec520b742debf') in 0.034654 seconds
  Import took 0.037560 seconds .

========================================================================
Received Import Request.
  Time since last request: 0.000315 seconds.
  path: Assets/Art Assets/Sunnyland/artwork/Sprites/Enemies/opossum/opossum-5.png
  artifactKey: Guid(d3b400141540442d5a4497e34887083f) Importer(815301076,1909f56bfc062723c751e8b465ee728b)
Start importing Assets/Art Assets/Sunnyland/artwork/Sprites/Enemies/opossum/opossum-5.png using Guid(d3b400141540442d5a4497e34887083f) Importer(815301076,1909f56bfc062723c751e8b465ee728b)  -> (artifact id: '8a025842403dff0af054b2c801b5e8e1') in 0.013542 seconds
  Import took 0.016169 seconds .

========================================================================
Received Import Request.
  Time since last request: 0.000325 seconds.
  path: Assets/Art Assets/Sunnyland/artwork/Sprites/Fx/item-feedback/item-feedback-4.png
  artifactKey: Guid(d1c3b6a233b524474899f14a81d5c3b5) Importer(815301076,1909f56bfc062723c751e8b465ee728b)
Start importing Assets/Art Assets/Sunnyland/artwork/Sprites/Fx/item-feedback/item-feedback-4.png using Guid(d1c3b6a233b524474899f14a81d5c3b5) Importer(815301076,1909f56bfc062723c751e8b465ee728b)  -> (artifact id: 'e872a557c05039f5881cc8ac417b1bfe') in 0.028489 seconds
  Import took 0.031181 seconds .

========================================================================
Received Import Request.
  Time since last request: 0.000264 seconds.
  path: Assets/Art Assets/Sunny Land Forest Assets/Artwork/Sprites/enemies/piranha-plant/piranha-plant-2.png
  artifactKey: Guid(779577e8e1d644b05a51ae570fa9eeff) Importer(815301076,1909f56bfc062723c751e8b465ee728b)
Start importing Assets/Art Assets/Sunny Land Forest Assets/Artwork/Sprites/enemies/piranha-plant/piranha-plant-2.png using Guid(779577e8e1d644b05a51ae570fa9eeff) Importer(815301076,1909f56bfc062723c751e8b465ee728b)  -> (artifact id: 'ae6c41a6c8cf84b9355be66fb03a91f3') in 0.013741 seconds
  Import took 0.016296 seconds .

========================================================================
Received Import Request.
  Time since last request: 0.000258 seconds.
  path: Assets/Art Assets/Sunnyland/artwork/Sprites/Enemies/opossum/opossum-4.png
  artifactKey: Guid(23510f1f0d6994dccbcdd1aa3cfe73be) Importer(815301076,1909f56bfc062723c751e8b465ee728b)
Start importing Assets/Art Assets/Sunnyland/artwork/Sprites/Enemies/opossum/opossum-4.png using Guid(23510f1f0d6994dccbcdd1aa3cfe73be) Importer(815301076,1909f56bfc062723c751e8b465ee728b)  -> (artifact id: 'c18992f87ab8e14e5e5be1cc9aa801e5') in 0.028262 seconds
  Import took 0.030900 seconds .

========================================================================
Received Import Request.
  Time since last request: 0.000281 seconds.
  path: Assets/Art Assets/Sunnyland/artwork/Sprites/Fx/item-feedback/item-feedback-3.png
  artifactKey: Guid(857b27bf305c140dab35e3de694fcfbc) Importer(815301076,1909f56bfc062723c751e8b465ee728b)
Start importing Assets/Art Assets/Sunnyland/artwork/Sprites/Fx/item-feedback/item-feedback-3.png using Guid(857b27bf305c140dab35e3de694fcfbc) Importer(815301076,1909f56bfc062723c751e8b465ee728b)  -> (artifact id: '9f42b758adbcf976f0084e49b7d54d1c') in 0.009871 seconds
  Import took 0.012470 seconds .

========================================================================
Received Import Request.
  Time since last request: 0.000302 seconds.
  path: Assets/Art Assets/Sunnyland/artwork/Sprites/Enemies/opossum/opossum-3.png
  artifactKey: Guid(74c5b1be9ca4343ca9d68c58dd8b7332) Importer(815301076,1909f56bfc062723c751e8b465ee728b)
Start importing Assets/Art Assets/Sunnyland/artwork/Sprites/Enemies/opossum/opossum-3.png using Guid(74c5b1be9ca4343ca9d68c58dd8b7332) Importer(815301076,1909f56bfc062723c751e8b465ee728b)  -> (artifact id: 'd55c776fd46e0501c58b3fad1a81e2d9') in 0.015606 seconds
  Import took 0.018433 seconds .

========================================================================
Received Import Request.
  Time since last request: 0.000261 seconds.
  path: Assets/Art Assets/Sunny Land Forest Assets/Artwork/Sprites/misc/hud/hud-3.png
  artifactKey: Guid(95494a9f649d4463b85a095258c83af4) Importer(815301076,1909f56bfc062723c751e8b465ee728b)
Start importing Assets/Art Assets/Sunny Land Forest Assets/Artwork/Sprites/misc/hud/hud-3.png using Guid(95494a9f649d4463b85a095258c83af4) Importer(815301076,1909f56bfc062723c751e8b465ee728b)  -> (artifact id: 'a7f73a254345e34b7c07ad26266fdfd3') in 0.019278 seconds
  Import took 0.021828 seconds .

========================================================================
Received Import Request.
  Time since last request: 0.000273 seconds.
  path: Assets/Art Assets/Sunnyland/artwork/Sprites/Fx/item-feedback/item-feedback-1.png
  artifactKey: Guid(1a4497d8531b845f185bb7742441138d) Importer(815301076,1909f56bfc062723c751e8b465ee728b)
Start importing Assets/Art Assets/Sunnyland/artwork/Sprites/Fx/item-feedback/item-feedback-1.png using Guid(1a4497d8531b845f185bb7742441138d) Importer(815301076,1909f56bfc062723c751e8b465ee728b)  -> (artifact id: '4a56d635e7f4d33a5970cd63e6d637d6') in 0.020105 seconds
  Import took 0.022845 seconds .

========================================================================
Received Import Request.
  Time since last request: 0.000233 seconds.
  path: Assets/Art Assets/Sunny Land Forest Assets/Artwork/Sprites/enemies/piranha-plant/piranha-plant-1.png
  artifactKey: Guid(86afbf04432b34e1883a20f99f007881) Importer(815301076,1909f56bfc062723c751e8b465ee728b)
Start importing Assets/Art Assets/Sunny Land Forest Assets/Artwork/Sprites/enemies/piranha-plant/piranha-plant-1.png using Guid(86afbf04432b34e1883a20f99f007881) Importer(815301076,1909f56bfc062723c751e8b465ee728b)  -> (artifact id: 'eb3d3a58f804b82366857dbb18ae6509') in 0.015088 seconds
  Import took 0.017387 seconds .

========================================================================
Received Import Request.
  Time since last request: 0.000223 seconds.
  path: Assets/Art Assets/Sunnyland/artwork/Sprites/Fx/item-feedback/item-feedback-2.png
  artifactKey: Guid(d01b0b4f13e044d0c83c424e542ddcbf) Importer(815301076,1909f56bfc062723c751e8b465ee728b)
Start importing Assets/Art Assets/Sunnyland/artwork/Sprites/Fx/item-feedback/item-feedback-2.png using Guid(d01b0b4f13e044d0c83c424e542ddcbf) Importer(815301076,1909f56bfc062723c751e8b465ee728b)  -> (artifact id: 'bc393bb5b04a7f3c130492af7ea999c6') in 0.018800 seconds
  Import took 0.020887 seconds .

========================================================================
Received Import Request.
  Time since last request: 0.000306 seconds.
  path: Assets/Art Assets/Sunny Land Forest Assets/Artwork/Sprites/misc/hud/hud-2.png
  artifactKey: Guid(3c2eeae102fc54c208ca164fd14595be) Importer(815301076,1909f56bfc062723c751e8b465ee728b)
Start importing Assets/Art Assets/Sunny Land Forest Assets/Artwork/Sprites/misc/hud/hud-2.png using Guid(3c2eeae102fc54c208ca164fd14595be) Importer(815301076,1909f56bfc062723c751e8b465ee728b)  -> (artifact id: 'a8494d1580575e824711bb90bbd4f2a0') in 0.024520 seconds
  Import took 0.026575 seconds .

========================================================================
Received Import Request.
  Time since last request: 0.000325 seconds.
  path: Assets/Art Assets/Sunny Land Forest Assets/Artwork/Sprites/misc/hud/hud-4.png
  artifactKey: Guid(d43faa95ae8bf43a6acb96b79294243c) Importer(815301076,1909f56bfc062723c751e8b465ee728b)
Start importing Assets/Art Assets/Sunny Land Forest Assets/Artwork/Sprites/misc/hud/hud-4.png using Guid(d43faa95ae8bf43a6acb96b79294243c) Importer(815301076,1909f56bfc062723c751e8b465ee728b)  -> (artifact id: 'f6bc48a76f6b6a81de35afe8c79d1f86') in 0.017925 seconds
  Import took 0.020632 seconds .

========================================================================
Received Import Request.
  Time since last request: 0.000287 seconds.
  path: Assets/Art Assets/Sunnyland/artwork/Sprites/Enemies/opossum/opossum-1.png
  artifactKey: Guid(baa0c643131554ff99574059ec7da1cc) Importer(815301076,1909f56bfc062723c751e8b465ee728b)
Start importing Assets/Art Assets/Sunnyland/artwork/Sprites/Enemies/opossum/opossum-1.png using Guid(baa0c643131554ff99574059ec7da1cc) Importer(815301076,1909f56bfc062723c751e8b465ee728b)  -> (artifact id: 'e9cbb7493926fbb126cd374c1282c432') in 0.008736 seconds
  Import took 0.010499 seconds .

========================================================================
Received Import Request.
  Time since last request: 0.000258 seconds.
  path: Assets/Art Assets/Sunnyland/artwork/Sprites/Enemies/opossum/opossum-2.png
  artifactKey: Guid(2c5f3b2250c31495db3ffcf7e90bb619) Importer(815301076,1909f56bfc062723c751e8b465ee728b)
Start importing Assets/Art Assets/Sunnyland/artwork/Sprites/Enemies/opossum/opossum-2.png using Guid(2c5f3b2250c31495db3ffcf7e90bb619) Importer(815301076,1909f56bfc062723c751e8b465ee728b)  -> (artifact id: '7c8a657700f23d1c75f4bafb7b8896bb') in 0.007744 seconds
  Import took 0.009412 seconds .

========================================================================
Received Import Request.
  Time since last request: 0.000281 seconds.
  path: Assets/Art Assets/Sunnyland/artwork/Sprites/Enemies/opossum/opossum-6.png
  artifactKey: Guid(764fc52f7266843e9b3dac17448f873f) Importer(815301076,1909f56bfc062723c751e8b465ee728b)
Start importing Assets/Art Assets/Sunnyland/artwork/Sprites/Enemies/opossum/opossum-6.png using Guid(764fc52f7266843e9b3dac17448f873f) Importer(815301076,1909f56bfc062723c751e8b465ee728b)  -> (artifact id: 'dbd92545a9b7972f95b37418fb30df31') in 0.008383 seconds
  Import took 0.010763 seconds .

========================================================================
Received Import Request.
  Time since last request: 0.000276 seconds.
  path: Assets/Art Assets/Sunnyland/artwork/Sprites/Enemies/opossum/opossum-2.png
  artifactKey: Guid(2c5f3b2250c31495db3ffcf7e90bb619) Importer(815301076,1909f56bfc062723c751e8b465ee728b)
Start importing Assets/Art Assets/Sunnyland/artwork/Sprites/Enemies/opossum/opossum-2.png using Guid(2c5f3b2250c31495db3ffcf7e90bb619) Importer(815301076,1909f56bfc062723c751e8b465ee728b)  -> (artifact id: '7c8a657700f23d1c75f4bafb7b8896bb') in 0.007325 seconds
  Import took 0.010058 seconds .

========================================================================
Received Import Request.
  Time since last request: 0.005639 seconds.
  path: Assets/Art Assets/Sunnyland/artwork/Sprites/Enemies/opossum/opossum-6.png
  artifactKey: Guid(764fc52f7266843e9b3dac17448f873f) Importer(815301076,1909f56bfc062723c751e8b465ee728b)
Start importing Assets/Art Assets/Sunnyland/artwork/Sprites/Enemies/opossum/opossum-6.png using Guid(764fc52f7266843e9b3dac17448f873f) Importer(815301076,1909f56bfc062723c751e8b465ee728b)  -> (artifact id: 'dbd92545a9b7972f95b37418fb30df31') in 0.007732 seconds
  Import took 0.010216 seconds .

========================================================================
Received Import Request.
  Time since last request: 2.530479 seconds.
  path: Assets/Prefabs/Walls/Wall_L.prefab
  artifactKey: Guid(7f9baf8dfc11c724682ccc42f36962b3) Importer(815301076,1909f56bfc062723c751e8b465ee728b)
Start importing Assets/Prefabs/Walls/Wall_L.prefab using Guid(7f9baf8dfc11c724682ccc42f36962b3) Importer(815301076,1909f56bfc062723c751e8b465ee728b)  -> (artifact id: '77bb107fe6af45230ac2ab594d67b448') in 0.011789 seconds
  Import took 0.014922 seconds .

========================================================================
Received Import Request.
  Time since last request: 9.637075 seconds.
  path: Assets/Prefabs/Walls/Wall_L 1.prefab
  artifactKey: Guid(2dac85712dac17b448dbff13fc65fc27) Importer(815301076,1909f56bfc062723c751e8b465ee728b)
Start importing Assets/Prefabs/Walls/Wall_L 1.prefab using Guid(2dac85712dac17b448dbff13fc65fc27) Importer(815301076,1909f56bfc062723c751e8b465ee728b)  -> (artifact id: '73088a00452ea4996138fec52efa24d7') in 0.012387 seconds
  Import took 0.014912 seconds .

========================================================================
Received Import Request.
  Time since last request: 0.000557 seconds.
  path: Assets/Prefabs/Walls/Wall_L 1.prefab
  artifactKey: Guid(2dac85712dac17b448dbff13fc65fc27) Importer(815301076,1909f56bfc062723c751e8b465ee728b)
Start importing Assets/Prefabs/Walls/Wall_L 1.prefab using Guid(2dac85712dac17b448dbff13fc65fc27) Importer(815301076,1909f56bfc062723c751e8b465ee728b)  -> (artifact id: '73088a00452ea4996138fec52efa24d7') in 0.012697 seconds
  Import took 0.014849 seconds .

========================================================================
Received Import Request.
  Time since last request: 8.174723 seconds.
  path: Assets/Prefabs/Walls/Wall_R.prefab
  artifactKey: Guid(2dac85712dac17b448dbff13fc65fc27) Importer(815301076,1909f56bfc062723c751e8b465ee728b)
Start importing Assets/Prefabs/Walls/Wall_R.prefab using Guid(2dac85712dac17b448dbff13fc65fc27) Importer(815301076,1909f56bfc062723c751e8b465ee728b)  -> (artifact id: '39d8d6cebae6e4cb2c55db1218ea6331') in 0.009496 seconds
  Import took 0.011901 seconds .

========================================================================
Received Import Request.
  Time since last request: 6.986748 seconds.
  path: Assets/Prefabs/Walls/Wall_R.prefab
  artifactKey: Guid(2dac85712dac17b448dbff13fc65fc27) Importer(815301076,1909f56bfc062723c751e8b465ee728b)
Start importing Assets/Prefabs/Walls/Wall_R.prefab using Guid(2dac85712dac17b448dbff13fc65fc27) Importer(815301076,1909f56bfc062723c751e8b465ee728b)  -> (artifact id: 'c4006749b937073023f68ba47c124796') in 0.012720 seconds
  Import took 0.015094 seconds .

========================================================================
Received Import Request.
  Time since last request: 7.624598 seconds.
  path: Assets/Prefabs/Walls/Wall_U 1.prefab
  artifactKey: Guid(546383566bbba7b4087f9c06b95cce6a) Importer(815301076,1909f56bfc062723c751e8b465ee728b)
Start importing Assets/Prefabs/Walls/Wall_U 1.prefab using Guid(546383566bbba7b4087f9c06b95cce6a) Importer(815301076,1909f56bfc062723c751e8b465ee728b)  -> (artifact id: 'd17dac88c71c51049afe5bba5258e24c') in 0.011739 seconds
  Import took 0.014324 seconds .

========================================================================
Received Import Request.
  Time since last request: 6.803887 seconds.
  path: Assets/Prefabs/Walls/Wall_D.prefab
  artifactKey: Guid(546383566bbba7b4087f9c06b95cce6a) Importer(815301076,1909f56bfc062723c751e8b465ee728b)
Start importing Assets/Prefabs/Walls/Wall_D.prefab using Guid(546383566bbba7b4087f9c06b95cce6a) Importer(815301076,1909f56bfc062723c751e8b465ee728b)  -> (artifact id: 'c5a23d73606ec10d91b3cfb7fab8da88') in 0.016317 seconds
  Import took 0.018878 seconds .

========================================================================
Received Import Request.
  Time since last request: 7.155900 seconds.
  path: Assets/Prefabs/Walls/Wall_D.prefab
  artifactKey: Guid(546383566bbba7b4087f9c06b95cce6a) Importer(815301076,1909f56bfc062723c751e8b465ee728b)
Start importing Assets/Prefabs/Walls/Wall_D.prefab using Guid(546383566bbba7b4087f9c06b95cce6a) Importer(815301076,1909f56bfc062723c751e8b465ee728b)  -> (artifact id: '58148da221e77439f980c5e67d3c4f44') in 0.011735 seconds
  Import took 0.014617 seconds .

========================================================================
Received Import Request.
  Time since last request: 76.071242 seconds.
  path: Assets/Prefabs/Walls/Wall_U 1.prefab
  artifactKey: Guid(462aa0d8e7be9c74da4e57a63c68ed48) Importer(815301076,1909f56bfc062723c751e8b465ee728b)
Start importing Assets/Prefabs/Walls/Wall_U 1.prefab using Guid(462aa0d8e7be9c74da4e57a63c68ed48) Importer(815301076,1909f56bfc062723c751e8b465ee728b)  -> (artifact id: 'cf823318b7a617ee8fb20153a827dcab') in 0.015057 seconds
  Import took 0.019273 seconds .

========================================================================
Received Import Request.
  Time since last request: 11.015792 seconds.
  path: Assets/Prefabs/Walls/Wall_UL.prefab
  artifactKey: Guid(462aa0d8e7be9c74da4e57a63c68ed48) Importer(815301076,1909f56bfc062723c751e8b465ee728b)
Start importing Assets/Prefabs/Walls/Wall_UL.prefab using Guid(462aa0d8e7be9c74da4e57a63c68ed48) Importer(815301076,1909f56bfc062723c751e8b465ee728b)  -> (artifact id: '9d270fcdf418fc5113ea94021c2391a8') in 0.009309 seconds
  Import took 0.011958 seconds .

========================================================================
Received Import Request.
  Time since last request: 14.614345 seconds.
  path: Assets/Prefabs/Walls/Wall_UL.prefab
  artifactKey: Guid(462aa0d8e7be9c74da4e57a63c68ed48) Importer(815301076,1909f56bfc062723c751e8b465ee728b)
Start importing Assets/Prefabs/Walls/Wall_UL.prefab using Guid(462aa0d8e7be9c74da4e57a63c68ed48) Importer(815301076,1909f56bfc062723c751e8b465ee728b)  -> (artifact id: 'c9715ea3f193d1870a0f6e49db4cf0eb') in 0.009385 seconds
  Import took 0.011820 seconds .

========================================================================
Received Import Request.
  Time since last request: 8.955431 seconds.
  path: Assets/Prefabs/Walls/Wall_UL 1.prefab
  artifactKey: Guid(5328ea154837b24488785ec9d8dc5553) Importer(815301076,1909f56bfc062723c751e8b465ee728b)
Start importing Assets/Prefabs/Walls/Wall_UL 1.prefab using Guid(5328ea154837b24488785ec9d8dc5553) Importer(815301076,1909f56bfc062723c751e8b465ee728b)  -> (artifact id: '48a554431c1255f6743ee93354c4a436') in 0.009129 seconds
  Import took 0.011662 seconds .

========================================================================
Received Import Request.
  Time since last request: 10.941065 seconds.
  path: Assets/Prefabs/Walls/Wall_UR.prefab
  artifactKey: Guid(5328ea154837b24488785ec9d8dc5553) Importer(815301076,1909f56bfc062723c751e8b465ee728b)
Start importing Assets/Prefabs/Walls/Wall_UR.prefab using Guid(5328ea154837b24488785ec9d8dc5553) Importer(815301076,1909f56bfc062723c751e8b465ee728b)  -> (artifact id: '908f103e2633fecce531b758afc01949') in 0.013719 seconds
  Import took 0.016419 seconds .

========================================================================
Received Import Request.
  Time since last request: 3.182366 seconds.
  path: Assets/Art Assets/Sunny Land Forest Assets/Artwork/Sprites/enemies/piranha-plant/piranha-plant-3.png
  artifactKey: Guid(73407bdf15d64405a90f5ea731a2c67c) Importer(815301076,1909f56bfc062723c751e8b465ee728b)
Start importing Assets/Art Assets/Sunny Land Forest Assets/Artwork/Sprites/enemies/piranha-plant/piranha-plant-3.png using Guid(73407bdf15d64405a90f5ea731a2c67c) Importer(815301076,1909f56bfc062723c751e8b465ee728b)  -> (artifact id: '657cb23ac2a6100670a47a1af62a7b62') in 0.015137 seconds
  Import took 0.017873 seconds .

========================================================================
Received Import Request.
  Time since last request: 0.000418 seconds.
  path: Assets/Art Assets/Sunny Land Forest Assets/Artwork/Sprites/enemies/piranha-plant-attack/piranha-plant-attack-2.png
  artifactKey: Guid(5d0f04e48931b4d1b8eedfbb4f2fc583) Importer(815301076,1909f56bfc062723c751e8b465ee728b)
Start importing Assets/Art Assets/Sunny Land Forest Assets/Artwork/Sprites/enemies/piranha-plant-attack/piranha-plant-attack-2.png using Guid(5d0f04e48931b4d1b8eedfbb4f2fc583) Importer(815301076,1909f56bfc062723c751e8b465ee728b)  -> (artifact id: '34f0fd370a7674f23adde45f8d9e061b') in 0.022651 seconds
  Import took 0.025369 seconds .

========================================================================
Received Import Request.
  Time since last request: 0.000335 seconds.
  path: Assets/Art Assets/Sunny Land Forest Assets/Artwork/Sprites/enemies/piranha-plant/piranha-plant-3.png
  artifactKey: Guid(73407bdf15d64405a90f5ea731a2c67c) Importer(815301076,1909f56bfc062723c751e8b465ee728b)
Start importing Assets/Art Assets/Sunny Land Forest Assets/Artwork/Sprites/enemies/piranha-plant/piranha-plant-3.png using Guid(73407bdf15d64405a90f5ea731a2c67c) Importer(815301076,1909f56bfc062723c751e8b465ee728b)  -> (artifact id: '657cb23ac2a6100670a47a1af62a7b62') in 0.023733 seconds
  Import took 0.025973 seconds .

========================================================================
Received Import Request.
  Time since last request: 0.000237 seconds.
  path: Assets/Art Assets/Sunny Land Forest Assets/Artwork/Sprites/enemies/piranha-plant-attack/piranha-plant-attack-4.png
  artifactKey: Guid(743448c7c0bdd4fe2807d4ea4631f06c) Importer(815301076,1909f56bfc062723c751e8b465ee728b)
Start importing Assets/Art Assets/Sunny Land Forest Assets/Artwork/Sprites/enemies/piranha-plant-attack/piranha-plant-attack-4.png using Guid(743448c7c0bdd4fe2807d4ea4631f06c) Importer(815301076,1909f56bfc062723c751e8b465ee728b)  -> (artifact id: '6c8695da5020e90efaa2597f07ff4fd4') in 0.016398 seconds
  Import took 0.018819 seconds .

========================================================================
Received Import Request.
  Time since last request: 0.000287 seconds.
  path: Assets/Art Assets/Sunny Land Forest Assets/Artwork/Sprites/enemies/piranha-plant/piranha-plant-4.png
  artifactKey: Guid(515ce34f88f26422f98fead242d86dac) Importer(815301076,1909f56bfc062723c751e8b465ee728b)
Start importing Assets/Art Assets/Sunny Land Forest Assets/Artwork/Sprites/enemies/piranha-plant/piranha-plant-4.png using Guid(515ce34f88f26422f98fead242d86dac) Importer(815301076,1909f56bfc062723c751e8b465ee728b)  -> (artifact id: '67209e469700d21f07bae78c02cc8336') in 0.013216 seconds
  Import took 0.015334 seconds .

========================================================================
Received Import Request.
  Time since last request: 0.000275 seconds.
  path: Assets/Art Assets/Sunny Land Forest Assets/Artwork/Sprites/enemies/piranha-plant-attack/piranha-plant-attack-1.png
  artifactKey: Guid(cabcb1993aa69468187283fe2f1525e7) Importer(815301076,1909f56bfc062723c751e8b465ee728b)
Start importing Assets/Art Assets/Sunny Land Forest Assets/Artwork/Sprites/enemies/piranha-plant-attack/piranha-plant-attack-1.png using Guid(cabcb1993aa69468187283fe2f1525e7) Importer(815301076,1909f56bfc062723c751e8b465ee728b)  -> (artifact id: '27936477d16a7cca8b27526b343696eb') in 0.025875 seconds
  Import took 0.027786 seconds .

========================================================================
Received Import Request.
  Time since last request: 0.000337 seconds.
  path: Assets/Art Assets/Sunny Land Forest Assets/Artwork/Sprites/enemies/piranha-plant-attack/piranha-plant-attack-3.png
  artifactKey: Guid(b5021aa6d01924c789ec214f2afb5cbc) Importer(815301076,1909f56bfc062723c751e8b465ee728b)
Start importing Assets/Art Assets/Sunny Land Forest Assets/Artwork/Sprites/enemies/piranha-plant-attack/piranha-plant-attack-3.png using Guid(b5021aa6d01924c789ec214f2afb5cbc) Importer(815301076,1909f56bfc062723c751e8b465ee728b)  -> (artifact id: 'ac8aab3d091c6ce2c95be45e2581ff9d') in 0.017417 seconds
  Import took 0.019958 seconds .

========================================================================
Received Import Request.
  Time since last request: 0.000292 seconds.
  path: Assets/Art Assets/Sunny Land Forest Assets/Artwork/Sprites/enemies/piranha-plant/piranha-plant-5.png
  artifactKey: Guid(994bb188db7ed4f62bdf8f9a775117dd) Importer(815301076,1909f56bfc062723c751e8b465ee728b)
Start importing Assets/Art Assets/Sunny Land Forest Assets/Artwork/Sprites/enemies/piranha-plant/piranha-plant-5.png using Guid(994bb188db7ed4f62bdf8f9a775117dd) Importer(815301076,1909f56bfc062723c751e8b465ee728b)  -> (artifact id: 'c493b4f115f7ce9f610bd90a7ec96ee8') in 0.018321 seconds
  Import took 0.020305 seconds .

========================================================================
Received Import Request.
  Time since last request: 5.178925 seconds.
  path: Assets/Prefabs/Walls/Wall_UR.prefab
  artifactKey: Guid(5328ea154837b24488785ec9d8dc5553) Importer(815301076,1909f56bfc062723c751e8b465ee728b)
Start importing Assets/Prefabs/Walls/Wall_UR.prefab using Guid(5328ea154837b24488785ec9d8dc5553) Importer(815301076,1909f56bfc062723c751e8b465ee728b)  -> (artifact id: '37daf790057e6326ca4c1a310b6edee9') in 0.010048 seconds
  Import took 0.012690 seconds .

========================================================================
Received Import Request.
  Time since last request: 8.311602 seconds.
  path: Assets/Prefabs/Walls/Wall_UR 1.prefab
  artifactKey: Guid(2377c8477da93a74cb50656328e19020) Importer(815301076,1909f56bfc062723c751e8b465ee728b)
Start importing Assets/Prefabs/Walls/Wall_UR 1.prefab using Guid(2377c8477da93a74cb50656328e19020) Importer(815301076,1909f56bfc062723c751e8b465ee728b)  -> (artifact id: '5a2f21a141dad6fb79723eedf2459460') in 0.008289 seconds
  Import took 0.010877 seconds .

========================================================================
Received Import Request.
  Time since last request: 9.594297 seconds.
  path: Assets/Prefabs/Walls/Wall_UD.prefab
  artifactKey: Guid(2377c8477da93a74cb50656328e19020) Importer(815301076,1909f56bfc062723c751e8b465ee728b)
Start importing Assets/Prefabs/Walls/Wall_UD.prefab using Guid(2377c8477da93a74cb50656328e19020) Importer(815301076,1909f56bfc062723c751e8b465ee728b)  -> (artifact id: '053fbb3a64768109e738c668d2cde5b6') in 0.010694 seconds
  Import took 0.013208 seconds .

========================================================================
Received Import Request.
  Time since last request: 7.705029 seconds.
  path: Assets/Prefabs/Walls/Wall_UD.prefab
  artifactKey: Guid(2377c8477da93a74cb50656328e19020) Importer(815301076,1909f56bfc062723c751e8b465ee728b)
Start importing Assets/Prefabs/Walls/Wall_UD.prefab using Guid(2377c8477da93a74cb50656328e19020) Importer(815301076,1909f56bfc062723c751e8b465ee728b)  -> (artifact id: '99f484a104cb30404279399159117b92') in 0.013566 seconds
  Import took 0.016019 seconds .

========================================================================
Received Import Request.
  Time since last request: 239.896681 seconds.
  path: Assets/Prefabs/Walls/Wall_R 1.prefab
  artifactKey: Guid(f492b8db745514a42acd92ecb4182dc8) Importer(815301076,1909f56bfc062723c751e8b465ee728b)
Start importing Assets/Prefabs/Walls/Wall_R 1.prefab using Guid(f492b8db745514a42acd92ecb4182dc8) Importer(815301076,1909f56bfc062723c751e8b465ee728b)  -> (artifact id: '0c765722de1f6c79c7a9c8246f314d45') in 0.010916 seconds
  Import took 0.013499 seconds .

========================================================================
Received Import Request.
  Time since last request: 54.576816 seconds.
  path: Assets/Prefabs/Walls/Wall_RL.prefab
  artifactKey: Guid(f492b8db745514a42acd92ecb4182dc8) Importer(815301076,1909f56bfc062723c751e8b465ee728b)
Start importing Assets/Prefabs/Walls/Wall_RL.prefab using Guid(f492b8db745514a42acd92ecb4182dc8) Importer(815301076,1909f56bfc062723c751e8b465ee728b)  -> (artifact id: '8bd955e5885503d130e9dc43f4789aa2') in 0.009720 seconds
  Import took 0.011935 seconds .

========================================================================
Received Import Request.
  Time since last request: 9.996208 seconds.
  path: Assets/Prefabs/Walls/Wall_RL.prefab
  artifactKey: Guid(f492b8db745514a42acd92ecb4182dc8) Importer(815301076,1909f56bfc062723c751e8b465ee728b)
Start importing Assets/Prefabs/Walls/Wall_RL.prefab using Guid(f492b8db745514a42acd92ecb4182dc8) Importer(815301076,1909f56bfc062723c751e8b465ee728b)  -> (artifact id: '9046d61d597c188d99bf9e428524cfdd') in 0.010200 seconds
  Import took 0.012630 seconds .

========================================================================
Received Import Request.
  Time since last request: 11.958982 seconds.
  path: Assets/Prefabs/Walls/Wall_R 1.prefab
  artifactKey: Guid(1975079ea41d8e2469a7f790fcbc2f89) Importer(815301076,1909f56bfc062723c751e8b465ee728b)
Start importing Assets/Prefabs/Walls/Wall_R 1.prefab using Guid(1975079ea41d8e2469a7f790fcbc2f89) Importer(815301076,1909f56bfc062723c751e8b465ee728b)  -> (artifact id: 'e2c791bf269f11d50b0523378094bfd4') in 0.008545 seconds
  Import took 0.011029 seconds .

========================================================================
Received Import Request.
  Time since last request: 6.656621 seconds.
  path: Assets/Prefabs/Walls/Wall_RD.prefab
  artifactKey: Guid(1975079ea41d8e2469a7f790fcbc2f89) Importer(815301076,1909f56bfc062723c751e8b465ee728b)
Start importing Assets/Prefabs/Walls/Wall_RD.prefab using Guid(1975079ea41d8e2469a7f790fcbc2f89) Importer(815301076,1909f56bfc062723c751e8b465ee728b)  -> (artifact id: '8ee7ab9234e0edaa64581efae5eeade0') in 0.022848 seconds
  Import took 0.025655 seconds .

========================================================================
Received Import Request.
  Time since last request: 13.681277 seconds.
  path: Assets/Prefabs/Walls/Wall_RL.prefab
  artifactKey: Guid(f492b8db745514a42acd92ecb4182dc8) Importer(815301076,1909f56bfc062723c751e8b465ee728b)
Start importing Assets/Prefabs/Walls/Wall_RL.prefab using Guid(f492b8db745514a42acd92ecb4182dc8) Importer(815301076,1909f56bfc062723c751e8b465ee728b)  -> (artifact id: '5a9756d5e35c4801b6e05abac9b20f3c') in 0.012098 seconds
  Import took 0.014746 seconds .

========================================================================
Received Import Request.
  Time since last request: 67.678004 seconds.
  path: Assets/Prefabs/Walls/Wall_RD.prefab
  artifactKey: Guid(1975079ea41d8e2469a7f790fcbc2f89) Importer(815301076,1909f56bfc062723c751e8b465ee728b)
Start importing Assets/Prefabs/Walls/Wall_RD.prefab using Guid(1975079ea41d8e2469a7f790fcbc2f89) Importer(815301076,1909f56bfc062723c751e8b465ee728b)  -> (artifact id: '9a07eea6f1f8a370e5d9226f3ae7da03') in 0.008706 seconds
  Import took 0.010963 seconds .

========================================================================
Received Import Request.
  Time since last request: 101.013542 seconds.
  path: Assets/Prefabs/Walls/Wall_L 1.prefab
  artifactKey: Guid(b3c172025e66b844b881cb35e1830923) Importer(815301076,1909f56bfc062723c751e8b465ee728b)
Start importing Assets/Prefabs/Walls/Wall_L 1.prefab using Guid(b3c172025e66b844b881cb35e1830923) Importer(815301076,1909f56bfc062723c751e8b465ee728b)  -> (artifact id: '59c2816af7698bc77f117a60a6123ebb') in 0.009824 seconds
  Import took 0.012493 seconds .

========================================================================
Received Import Request.
  Time since last request: 7.641900 seconds.
  path: Assets/Prefabs/Walls/Wall_LD.prefab
  artifactKey: Guid(b3c172025e66b844b881cb35e1830923) Importer(815301076,1909f56bfc062723c751e8b465ee728b)
Start importing Assets/Prefabs/Walls/Wall_LD.prefab using Guid(b3c172025e66b844b881cb35e1830923) Importer(815301076,1909f56bfc062723c751e8b465ee728b)  -> (artifact id: 'be890b9a448b74ac8997c8ebf461ac9d') in 0.008665 seconds
  Import took 0.010979 seconds .

========================================================================
Received Import Request.
  Time since last request: 5.890397 seconds.
  path: Assets/Prefabs/Walls/Wall_RL.prefab
  artifactKey: Guid(f492b8db745514a42acd92ecb4182dc8) Importer(815301076,1909f56bfc062723c751e8b465ee728b)
Start importing Assets/Prefabs/Walls/Wall_RL.prefab using Guid(f492b8db745514a42acd92ecb4182dc8) Importer(815301076,1909f56bfc062723c751e8b465ee728b)  -> (artifact id: 'a8d6a8fa620cbb90ee5ff254927b32a9') in 0.010635 seconds
  Import took 0.013378 seconds .

========================================================================
Received Import Request.
  Time since last request: 31.224090 seconds.
  path: Assets/Prefabs/Walls/Wall_LD.prefab
  artifactKey: Guid(b3c172025e66b844b881cb35e1830923) Importer(815301076,1909f56bfc062723c751e8b465ee728b)
Start importing Assets/Prefabs/Walls/Wall_LD.prefab using Guid(b3c172025e66b844b881cb35e1830923) Importer(815301076,1909f56bfc062723c751e8b465ee728b)  -> (artifact id: '4f0f3be65f4a79654ffd40bf6f13a7f9') in 0.024988 seconds
  Import took 0.027464 seconds .

========================================================================
Received Import Request.
  Time since last request: 50.247307 seconds.
  path: Assets/Prefabs/Walls/Wall_U 1.prefab
  artifactKey: Guid(9a663865d615ad145aa68174948b8f2e) Importer(815301076,1909f56bfc062723c751e8b465ee728b)
Start importing Assets/Prefabs/Walls/Wall_U 1.prefab using Guid(9a663865d615ad145aa68174948b8f2e) Importer(815301076,1909f56bfc062723c751e8b465ee728b)  -> (artifact id: 'e0bb46d46d85420368419241200ca175') in 0.018177 seconds
  Import took 0.021072 seconds .

========================================================================
Received Import Request.
  Time since last request: 15.318559 seconds.
  path: Assets/Prefabs/Walls/Wall_ULR.prefab
  artifactKey: Guid(9a663865d615ad145aa68174948b8f2e) Importer(815301076,1909f56bfc062723c751e8b465ee728b)
Start importing Assets/Prefabs/Walls/Wall_ULR.prefab using Guid(9a663865d615ad145aa68174948b8f2e) Importer(815301076,1909f56bfc062723c751e8b465ee728b)  -> (artifact id: 'ed7371bd80ef05270faf9f01c80a318b') in 0.010156 seconds
  Import took 0.012511 seconds .

========================================================================
Received Import Request.
  Time since last request: 10.164691 seconds.
  path: Assets/Prefabs/Walls/Wall_ULR.prefab
  artifactKey: Guid(9a663865d615ad145aa68174948b8f2e) Importer(815301076,1909f56bfc062723c751e8b465ee728b)
Start importing Assets/Prefabs/Walls/Wall_ULR.prefab using Guid(9a663865d615ad145aa68174948b8f2e) Importer(815301076,1909f56bfc062723c751e8b465ee728b)  -> (artifact id: '2f50faa6d05f9272a56a98ee0c0dfb13') in 0.010436 seconds
  Import took 0.013263 seconds .

========================================================================
Received Import Request.
  Time since last request: 4.669036 seconds.
  path: Assets/Prefabs/Walls/Wall_U 1.prefab
  artifactKey: Guid(5c2124533a62f1540b62f9c32aacc53d) Importer(815301076,1909f56bfc062723c751e8b465ee728b)
Start importing Assets/Prefabs/Walls/Wall_U 1.prefab using Guid(5c2124533a62f1540b62f9c32aacc53d) Importer(815301076,1909f56bfc062723c751e8b465ee728b)  -> (artifact id: '816db681769f2d0d322500d601d310df') in 0.012332 seconds
  Import took 0.014938 seconds .

========================================================================
Received Import Request.
  Time since last request: 0.000272 seconds.
  path: Assets/Prefabs/Walls/Wall_U 1.prefab
  artifactKey: Guid(5c2124533a62f1540b62f9c32aacc53d) Importer(815301076,1909f56bfc062723c751e8b465ee728b)
Start importing Assets/Prefabs/Walls/Wall_U 1.prefab using Guid(5c2124533a62f1540b62f9c32aacc53d) Importer(815301076,1909f56bfc062723c751e8b465ee728b)  -> (artifact id: '816db681769f2d0d322500d601d310df') in 0.012080 seconds
  Import took 0.013905 seconds .

========================================================================
Received Import Request.
  Time since last request: 11.817279 seconds.
  path: Assets/Prefabs/Walls/Wall_ULD.prefab
  artifactKey: Guid(5c2124533a62f1540b62f9c32aacc53d) Importer(815301076,1909f56bfc062723c751e8b465ee728b)
Start importing Assets/Prefabs/Walls/Wall_ULD.prefab using Guid(5c2124533a62f1540b62f9c32aacc53d) Importer(815301076,1909f56bfc062723c751e8b465ee728b)  -> (artifact id: '0e7e03d3556c3b58e28cd7d11e1abb1d') in 0.010432 seconds
  Import took 0.013158 seconds .

========================================================================
Received Import Request.
  Time since last request: 9.898615 seconds.
  path: Assets/Prefabs/Walls/Wall_ULD.prefab
  artifactKey: Guid(5c2124533a62f1540b62f9c32aacc53d) Importer(815301076,1909f56bfc062723c751e8b465ee728b)
Start importing Assets/Prefabs/Walls/Wall_ULD.prefab using Guid(5c2124533a62f1540b62f9c32aacc53d) Importer(815301076,1909f56bfc062723c751e8b465ee728b)  -> (artifact id: '61eea548cf45b06d120e27bc0ca88e27') in 0.010132 seconds
  Import took 0.012900 seconds .

========================================================================
Received Import Request.
  Time since last request: 5.088703 seconds.
  path: Assets/Prefabs/Walls/Wall_U 1.prefab
  artifactKey: Guid(112920a8d8c578843af3479e2bb885fe) Importer(815301076,1909f56bfc062723c751e8b465ee728b)
Start importing Assets/Prefabs/Walls/Wall_U 1.prefab using Guid(112920a8d8c578843af3479e2bb885fe) Importer(815301076,1909f56bfc062723c751e8b465ee728b)  -> (artifact id: '63095819aee9ffcd8384a73a13811d8b') in 0.008400 seconds
  Import took 0.010719 seconds .

========================================================================
Received Import Request.
  Time since last request: 10.910018 seconds.
  path: Assets/Prefabs/Walls/Wall_URD.prefab
  artifactKey: Guid(112920a8d8c578843af3479e2bb885fe) Importer(815301076,1909f56bfc062723c751e8b465ee728b)
Start importing Assets/Prefabs/Walls/Wall_URD.prefab using Guid(112920a8d8c578843af3479e2bb885fe) Importer(815301076,1909f56bfc062723c751e8b465ee728b)  -> (artifact id: '7549874d7fb8ae31332ec6440b9088a4') in 0.011021 seconds
  Import took 0.013540 seconds .

========================================================================
Received Import Request.
  Time since last request: 10.973813 seconds.
  path: Assets/Prefabs/Walls/Wall_URD.prefab
  artifactKey: Guid(112920a8d8c578843af3479e2bb885fe) Importer(815301076,1909f56bfc062723c751e8b465ee728b)
Start importing Assets/Prefabs/Walls/Wall_URD.prefab using Guid(112920a8d8c578843af3479e2bb885fe) Importer(815301076,1909f56bfc062723c751e8b465ee728b)  -> (artifact id: '46fbfb67a89091a156df9224a4d22b60') in 0.008480 seconds
  Import took 0.010617 seconds .

========================================================================
Received Import Request.
  Time since last request: 98.110601 seconds.
  path: Assets/Prefabs/Walls/Wall_LD 1.prefab
  artifactKey: Guid(6e3efcae6fea08d438ee100e85cfbdcf) Importer(815301076,1909f56bfc062723c751e8b465ee728b)
Start importing Assets/Prefabs/Walls/Wall_LD 1.prefab using Guid(6e3efcae6fea08d438ee100e85cfbdcf) Importer(815301076,1909f56bfc062723c751e8b465ee728b)  -> (artifact id: '074c673ff09a46bf1faeb1492eca43d0') in 0.009646 seconds
  Import took 0.012069 seconds .

========================================================================
Received Import Request.
  Time since last request: 9.910027 seconds.
  path: Assets/Prefabs/Walls/Wall_LDR.prefab
  artifactKey: Guid(6e3efcae6fea08d438ee100e85cfbdcf) Importer(815301076,1909f56bfc062723c751e8b465ee728b)
Start importing Assets/Prefabs/Walls/Wall_LDR.prefab using Guid(6e3efcae6fea08d438ee100e85cfbdcf) Importer(815301076,1909f56bfc062723c751e8b465ee728b)  -> (artifact id: 'e8387fe8ab5b7719d3ae573568fb967e') in 0.009509 seconds
  Import took 0.012224 seconds .

========================================================================
Received Import Request.
  Time since last request: 7.231532 seconds.
  path: Assets/Prefabs/Walls/Wall_LDR.prefab
  artifactKey: Guid(6e3efcae6fea08d438ee100e85cfbdcf) Importer(815301076,1909f56bfc062723c751e8b465ee728b)
Start importing Assets/Prefabs/Walls/Wall_LDR.prefab using Guid(6e3efcae6fea08d438ee100e85cfbdcf) Importer(815301076,1909f56bfc062723c751e8b465ee728b)  -> (artifact id: 'bdb20e46cfe501c79d6595cec7c87072') in 0.009676 seconds
  Import took 0.012108 seconds .

========================================================================
Received Import Request.
  Time since last request: 11.023197 seconds.
  path: Assets/Prefabs/Walls/Wall_U 1.prefab
  artifactKey: Guid(ecb04c675cf76064381e684f60ff6014) Importer(815301076,1909f56bfc062723c751e8b465ee728b)
Start importing Assets/Prefabs/Walls/Wall_U 1.prefab using Guid(ecb04c675cf76064381e684f60ff6014) Importer(815301076,1909f56bfc062723c751e8b465ee728b)  -> (artifact id: '38f519025774e984f5fdb42f5d016649') in 0.009438 seconds
  Import took 0.011654 seconds .

========================================================================
Received Import Request.
  Time since last request: 10.327770 seconds.
  path: Assets/Prefabs/Walls/Wall_ULRD.prefab
  artifactKey: Guid(ecb04c675cf76064381e684f60ff6014) Importer(815301076,1909f56bfc062723c751e8b465ee728b)
Start importing Assets/Prefabs/Walls/Wall_ULRD.prefab using Guid(ecb04c675cf76064381e684f60ff6014) Importer(815301076,1909f56bfc062723c751e8b465ee728b)  -> (artifact id: 'a42fdac6bb9ff0fe497364bc96540590') in 0.008875 seconds
  Import took 0.011387 seconds .

========================================================================
Received Import Request.
  Time since last request: 7.194548 seconds.
  path: Assets/Prefabs/Walls/Wall_ULRD.prefab
  artifactKey: Guid(ecb04c675cf76064381e684f60ff6014) Importer(815301076,1909f56bfc062723c751e8b465ee728b)
Start importing Assets/Prefabs/Walls/Wall_ULRD.prefab using Guid(ecb04c675cf76064381e684f60ff6014) Importer(815301076,1909f56bfc062723c751e8b465ee728b)  -> (artifact id: '6904c2cfd3aa6ba86db4305f71be6eda') in 0.009168 seconds
  Import took 0.011403 seconds .

========================================================================
Received Import Request.
  Time since last request: 75.628240 seconds.
  path: Assets/Scripts/RoomGenerator.cs
  artifactKey: Guid(8bc280f03635db240bfbfee8d3717bdd) Importer(815301076,1909f56bfc062723c751e8b465ee728b)
Start importing Assets/Scripts/RoomGenerator.cs using Guid(8bc280f03635db240bfbfee8d3717bdd) Importer(815301076,1909f56bfc062723c751e8b465ee728b)  -> (artifact id: '4347e2288e84216575dc2b1f497f9b34') in 0.016248 seconds
  Import took 0.018758 seconds .

========================================================================
Received Import Request.
  Time since last request: 2159.951061 seconds.
  path: Assets/Scripts/RoomGenerator.cs
  artifactKey: Guid(8bc280f03635db240bfbfee8d3717bdd) Importer(815301076,1909f56bfc062723c751e8b465ee728b)
Start importing Assets/Scripts/RoomGenerator.cs using Guid(8bc280f03635db240bfbfee8d3717bdd) Importer(815301076,1909f56bfc062723c751e8b465ee728b)  -> (artifact id: 'ece238af0ce20d854521ce7b88b98bb5') in 0.002955 seconds
  Import took 0.005775 seconds .

========================================================================
Received Prepare
Registering precompiled user dll's ...
Registered in 0.001018 seconds.
Begin MonoManager ReloadAssembly
Native extension for WindowsStandalone target not found
Native extension for WebGL target not found
Refreshing native plugins compatible for Editor in 0.39 ms, found 0 plugins.
Preloading 0 native plugins for Editor in 0.00 ms.
Mono: successfully reloaded assembly
- Completed reload, in  0.857 seconds
Platform modules already initialized, skipping
Refreshing native plugins compatible for Editor in 0.37 ms, found 0 plugins.
Preloading 0 native plugins for Editor in 0.00 ms.
Unloading 1146 Unused Serialized files (Serialized files now loaded: 0)
System memory in use before: 66.7 MB.
System memory in use after: 66.7 MB.

Unloading 5 unused Assets to reduce memory usage. Loaded Objects now: 1613.
Total: 1.693600 ms (FindLiveObjects: 0.181800 ms CreateObjectMapping: 0.026600 ms MarkObjects: 1.430000 ms  DeleteObjects: 0.054200 ms)

========================================================================
Received Prepare
Registering precompiled user dll's ...
Registered in 0.001080 seconds.
Begin MonoManager ReloadAssembly
Native extension for WindowsStandalone target not found
Native extension for WebGL target not found
Refreshing native plugins compatible for Editor in 0.32 ms, found 0 plugins.
Preloading 0 native plugins for Editor in 0.00 ms.
Mono: successfully reloaded assembly
- Completed reload, in  0.719 seconds
Platform modules already initialized, skipping
Refreshing native plugins compatible for Editor in 0.32 ms, found 0 plugins.
Preloading 0 native plugins for Editor in 0.00 ms.
Unloading 1146 Unused Serialized files (Serialized files now loaded: 0)
System memory in use before: 66.7 MB.
System memory in use after: 66.8 MB.

Unloading 5 unused Assets to reduce memory usage. Loaded Objects now: 1616.
Total: 2.077500 ms (FindLiveObjects: 0.216200 ms CreateObjectMapping: 0.029500 ms MarkObjects: 1.755800 ms  DeleteObjects: 0.074100 ms)

========================================================================
Received Prepare
Registering precompiled user dll's ...
Registered in 0.000910 seconds.
Begin MonoManager ReloadAssembly
Native extension for WindowsStandalone target not found
Native extension for WebGL target not found
Refreshing native plugins compatible for Editor in 0.33 ms, found 0 plugins.
Preloading 0 native plugins for Editor in 0.00 ms.
Mono: successfully reloaded assembly
- Completed reload, in  0.712 seconds
Platform modules already initialized, skipping
Refreshing native plugins compatible for Editor in 0.33 ms, found 0 plugins.
Preloading 0 native plugins for Editor in 0.00 ms.
Unloading 1146 Unused Serialized files (Serialized files now loaded: 0)
System memory in use before: 66.7 MB.
System memory in use after: 66.8 MB.

Unloading 5 unused Assets to reduce memory usage. Loaded Objects now: 1619.
Total: 1.628900 ms (FindLiveObjects: 0.199800 ms CreateObjectMapping: 0.031300 ms MarkObjects: 1.344000 ms  DeleteObjects: 0.052400 ms)

========================================================================
Received Prepare
Registering precompiled user dll's ...
Registered in 0.000791 seconds.
Begin MonoManager ReloadAssembly
Native extension for WindowsStandalone target not found
Native extension for WebGL target not found
Refreshing native plugins compatible for Editor in 0.33 ms, found 0 plugins.
Preloading 0 native plugins for Editor in 0.00 ms.
Mono: successfully reloaded assembly
- Completed reload, in  0.722 seconds
Platform modules already initialized, skipping
Refreshing native plugins compatible for Editor in 0.34 ms, found 0 plugins.
Preloading 0 native plugins for Editor in 0.00 ms.
Unloading 1146 Unused Serialized files (Serialized files now loaded: 0)
System memory in use before: 66.7 MB.
System memory in use after: 66.8 MB.

Unloading 5 unused Assets to reduce memory usage. Loaded Objects now: 1622.
Total: 2.012000 ms (FindLiveObjects: 0.207700 ms CreateObjectMapping: 0.034400 ms MarkObjects: 1.709800 ms  DeleteObjects: 0.058800 ms)

========================================================================
Received Prepare
Registering precompiled user dll's ...
Registered in 0.000764 seconds.
Begin MonoManager ReloadAssembly
Native extension for WindowsStandalone target not found
Native extension for WebGL target not found
Refreshing native plugins compatible for Editor in 0.33 ms, found 0 plugins.
Preloading 0 native plugins for Editor in 0.00 ms.
Mono: successfully reloaded assembly
- Completed reload, in  0.706 seconds
Platform modules already initialized, skipping
Refreshing native plugins compatible for Editor in 0.32 ms, found 0 plugins.
Preloading 0 native plugins for Editor in 0.00 ms.
Unloading 1146 Unused Serialized files (Serialized files now loaded: 0)
System memory in use before: 66.7 MB.
System memory in use after: 66.8 MB.

Unloading 5 unused Assets to reduce memory usage. Loaded Objects now: 1625.
Total: 1.699900 ms (FindLiveObjects: 0.188300 ms CreateObjectMapping: 0.033400 ms MarkObjects: 1.416800 ms  DeleteObjects: 0.060300 ms)

========================================================================
Received Prepare
Registering precompiled user dll's ...
Registered in 0.000811 seconds.
Begin MonoManager ReloadAssembly
Native extension for WindowsStandalone target not found
Native extension for WebGL target not found
Refreshing native plugins compatible for Editor in 0.37 ms, found 0 plugins.
Preloading 0 native plugins for Editor in 0.00 ms.
Mono: successfully reloaded assembly
- Completed reload, in  0.728 seconds
Platform modules already initialized, skipping
Refreshing native plugins compatible for Editor in 0.37 ms, found 0 plugins.
Preloading 0 native plugins for Editor in 0.00 ms.
Unloading 1146 Unused Serialized files (Serialized files now loaded: 0)
System memory in use before: 66.7 MB.
System memory in use after: 66.8 MB.

Unloading 5 unused Assets to reduce memory usage. Loaded Objects now: 1628.
Total: 1.959300 ms (FindLiveObjects: 0.242600 ms CreateObjectMapping: 0.037500 ms MarkObjects: 1.620300 ms  DeleteObjects: 0.057500 ms)

========================================================================
Received Prepare
Registering precompiled user dll's ...
Registered in 0.000720 seconds.
Begin MonoManager ReloadAssembly
Native extension for WindowsStandalone target not found
Native extension for WebGL target not found
Refreshing native plugins compatible for Editor in 0.33 ms, found 0 plugins.
Preloading 0 native plugins for Editor in 0.00 ms.
Mono: successfully reloaded assembly
- Completed reload, in  0.704 seconds
Platform modules already initialized, skipping
Refreshing native plugins compatible for Editor in 0.34 ms, found 0 plugins.
Preloading 0 native plugins for Editor in 0.00 ms.
Unloading 1146 Unused Serialized files (Serialized files now loaded: 0)
System memory in use before: 66.7 MB.
System memory in use after: 66.8 MB.

Unloading 5 unused Assets to reduce memory usage. Loaded Objects now: 1631.
Total: 1.993600 ms (FindLiveObjects: 0.293300 ms CreateObjectMapping: 0.034800 ms MarkObjects: 1.603200 ms  DeleteObjects: 0.060400 ms)

========================================================================
Received Import Request.
  Time since last request: 3796.982890 seconds.
  path: Assets/Prefabs/BasicRoom.prefab
  artifactKey: Guid(c659b761934cf55498e6fb235797f2a9) Importer(815301076,1909f56bfc062723c751e8b465ee728b)
Start importing Assets/Prefabs/BasicRoom.prefab using Guid(c659b761934cf55498e6fb235797f2a9) Importer(815301076,1909f56bfc062723c751e8b465ee728b)  -> (artifact id: '40e524b82d8e4aa6684f19dcd43a2ea9') in 0.091065 seconds
  Import took 0.094306 seconds .

========================================================================
Received Import Request.
  Time since last request: 10.272236 seconds.
  path: Assets/Prefabs/BasicRoom.prefab
  artifactKey: Guid(c659b761934cf55498e6fb235797f2a9) Importer(815301076,1909f56bfc062723c751e8b465ee728b)
Start importing Assets/Prefabs/BasicRoom.prefab using Guid(c659b761934cf55498e6fb235797f2a9) Importer(815301076,1909f56bfc062723c751e8b465ee728b)  -> (artifact id: '644db8615c3ff09d8984a81f43edfe47') in 0.013017 seconds
  Import took 0.015531 seconds .

========================================================================
Received Prepare
Registering precompiled user dll's ...
Registered in 0.000649 seconds.
Begin MonoManager ReloadAssembly
Native extension for WindowsStandalone target not found
Native extension for WebGL target not found
Refreshing native plugins compatible for Editor in 0.35 ms, found 0 plugins.
Preloading 0 native plugins for Editor in 0.00 ms.
Mono: successfully reloaded assembly
- Completed reload, in  0.766 seconds
Platform modules already initialized, skipping
Refreshing native plugins compatible for Editor in 0.31 ms, found 0 plugins.
Preloading 0 native plugins for Editor in 0.00 ms.
Unloading 1146 Unused Serialized files (Serialized files now loaded: 0)
System memory in use before: 66.8 MB.
System memory in use after: 66.9 MB.

Unloading 5 unused Assets to reduce memory usage. Loaded Objects now: 1637.
Total: 1.591400 ms (FindLiveObjects: 0.188200 ms CreateObjectMapping: 0.028200 ms MarkObjects: 1.320000 ms  DeleteObjects: 0.053800 ms)

========================================================================
Received Prepare
Registering precompiled user dll's ...
Registered in 0.000926 seconds.
Begin MonoManager ReloadAssembly
Native extension for WindowsStandalone target not found
Native extension for WebGL target not found
Refreshing native plugins compatible for Editor in 0.52 ms, found 0 plugins.
Preloading 0 native plugins for Editor in 0.00 ms.
Mono: successfully reloaded assembly
- Completed reload, in  0.719 seconds
Platform modules already initialized, skipping
Refreshing native plugins compatible for Editor in 0.32 ms, found 0 plugins.
Preloading 0 native plugins for Editor in 0.00 ms.
Unloading 1146 Unused Serialized files (Serialized files now loaded: 0)
System memory in use before: 66.8 MB.
System memory in use after: 66.9 MB.

Unloading 5 unused Assets to reduce memory usage. Loaded Objects now: 1640.
Total: 1.650800 ms (FindLiveObjects: 0.194700 ms CreateObjectMapping: 0.027200 ms MarkObjects: 1.366900 ms  DeleteObjects: 0.060800 ms)

========================================================================
Received Prepare
Registering precompiled user dll's ...
Registered in 0.000760 seconds.
Begin MonoManager ReloadAssembly
Native extension for WindowsStandalone target not found
Native extension for WebGL target not found
Refreshing native plugins compatible for Editor in 0.33 ms, found 0 plugins.
Preloading 0 native plugins for Editor in 0.00 ms.
Mono: successfully reloaded assembly
- Completed reload, in  0.698 seconds
Platform modules already initialized, skipping
Refreshing native plugins compatible for Editor in 0.33 ms, found 0 plugins.
Preloading 0 native plugins for Editor in 0.00 ms.
Unloading 1146 Unused Serialized files (Serialized files now loaded: 0)
System memory in use before: 66.8 MB.
System memory in use after: 66.9 MB.

Unloading 5 unused Assets to reduce memory usage. Loaded Objects now: 1643.
Total: 1.959500 ms (FindLiveObjects: 0.173500 ms CreateObjectMapping: 0.027800 ms MarkObjects: 1.701200 ms  DeleteObjects: 0.055800 ms)

AssetImportWorkerClient::OnTransportError - code=2 error=End of file
