Using pre-set license
Built from '2020.3/staging' branch; Version is '2020.3.4f1 (0abb6314276a) revision 703331'; Using compiler version '192528614'; Build Type 'Release'
OS: 'Windows 10 Pro; OS build 19041.928; Version 2004; 64bit' Language: 'ja' Physical Memory: 16308 MB
BatchMode: 1, IsHumanControllingUs: 0, StartBugReporterOnCrash: 0, Is64bit: 1, IsPro: 0

 COMMAND LINE ARGUMENTS:
D:\Unity\2020.3.4f1\Editor\Unity.exe
-adb2
-batchMode
-noUpm
-name
AssetImportWorker0
-projectPath
C:/Users/student/Desktop/实验作品
-logFile
Logs/AssetImportWorker0.log
-srvPort
55721
Successfully changed project path to: C:/Users/student/Desktop/实验作品
C:/Users/student/Desktop/实验作品
Using Asset Import Pipeline V2.
Refreshing native plugins compatible for Editor in 48.35 ms, found 1 plugins.
Preloading 0 native plugins for Editor in 0.00 ms.
Initialize engine version: 2020.3.4f1 (0abb6314276a)
[Subsystems] Discovering subsystems at path D:/Unity/2020.3.4f1/Editor/Data/Resources/UnitySubsystems
[Subsystems] Discovering subsystems at path C:/Users/student/Desktop/实验作品/Assets
GfxDevice: creating device client; threaded=0
Direct3D:
    Version:  Direct3D 11.0 [level 11.1]
    Renderer: NVIDIA GeForce GTX 980 (ID=0x13c0)
    Vendor:   
    VRAM:     4053 MB
    Driver:   27.21.14.5671
Initialize mono
Mono path[0] = 'D:/Unity/2020.3.4f1/Editor/Data/Managed'
Mono path[1] = 'D:/Unity/2020.3.4f1/Editor/Data/MonoBleedingEdge/lib/mono/unityjit'
Mono config path = 'D:/Unity/2020.3.4f1/Editor/Data/MonoBleedingEdge/etc'
Using monoOptions --debugger-agent=transport=dt_socket,embedding=1,server=y,suspend=n,address=127.0.0.1:56844
Begin MonoManager ReloadAssembly
Registering precompiled unity dll's ...
Register platform support module: D:/Unity/2020.3.4f1/Editor/Data/PlaybackEngines/WebGLSupport/UnityEditor.WebGL.Extensions.dll
Register platform support module: D:/Unity/2020.3.4f1/Editor/Data/PlaybackEngines/WindowsStandaloneSupport/UnityEditor.WindowsStandalone.Extensions.dll
Registered in 0.002152 seconds.
Native extension for WindowsStandalone target not found
Native extension for WebGL target not found
Refreshing native plugins compatible for Editor in 39.21 ms, found 1 plugins.
Preloading 0 native plugins for Editor in 0.00 ms.
Mono: successfully reloaded assembly
- Completed reload, in  1.136 seconds
Platform modules already initialized, skipping
Registering precompiled user dll's ...
Registered in 0.010258 seconds.
Begin MonoManager ReloadAssembly
Native extension for WindowsStandalone target not found
Native extension for WebGL target not found
Refreshing native plugins compatible for Editor in 52.37 ms, found 1 plugins.
Preloading 0 native plugins for Editor in 0.00 ms.
Mono: successfully reloaded assembly
- Completed reload, in  1.439 seconds
Platform modules already initialized, skipping
========================================================================
Worker process is ready to serve import requests
Launched and connected shader compiler UnityShaderCompiler.exe after 0.08 seconds
Refreshing native plugins compatible for Editor in 0.44 ms, found 1 plugins.
Preloading 0 native plugins for Editor in 0.00 ms.
Unloading 1808 Unused Serialized files (Serialized files now loaded: 0)
System memory in use before: 84.9 MB.
System memory in use after: 84.9 MB.

Unloading 24 unused Assets to reduce memory usage. Loaded Objects now: 2250.
Total: 2.350300 ms (FindLiveObjects: 0.177100 ms CreateObjectMapping: 0.084700 ms MarkObjects: 1.953700 ms  DeleteObjects: 0.133600 ms)

========================================================================
Received Import Request.
  path: Assets/Sunnyland
  artifactKey: Guid(2aba8b22279fa7b49a07dc41d1f78071) Importer(815301076,1909f56bfc062723c751e8b465ee728b)
Start importing Assets/Sunnyland using Guid(2aba8b22279fa7b49a07dc41d1f78071) Importer(815301076,1909f56bfc062723c751e8b465ee728b)  -> (artifact id: '875e1ac5071345564d84b29d7bf44005') in 0.026523 seconds
  Import took 0.032122 seconds .

========================================================================
Received Import Request.
  Time since last request: 0.000576 seconds.
  path: Assets/Scenes
  artifactKey: Guid(6ac01667c2e2afe4e9b17b3289fb4cf4) Importer(815301076,1909f56bfc062723c751e8b465ee728b)
Start importing Assets/Scenes using Guid(6ac01667c2e2afe4e9b17b3289fb4cf4) Importer(815301076,1909f56bfc062723c751e8b465ee728b)  -> (artifact id: '95da251c63bf0b5a7ccc3ab4ca01f8ea') in 0.018724 seconds
  Import took 0.021336 seconds .

========================================================================
Received Import Request.
  Time since last request: 0.000394 seconds.
  path: Assets/Cainos
  artifactKey: Guid(90480b371c3d05041bfdeedfad4472f3) Importer(815301076,1909f56bfc062723c751e8b465ee728b)
Start importing Assets/Cainos using Guid(90480b371c3d05041bfdeedfad4472f3) Importer(815301076,1909f56bfc062723c751e8b465ee728b)  -> (artifact id: '60f49d4950038d8a8130a95c87db08fc') in 0.022031 seconds
  Import took 0.029315 seconds .

========================================================================
Received Import Request.
  Time since last request: 0.000244 seconds.
  path: Assets/Sunny Land Forest Assets
  artifactKey: Guid(86963c703b7e7f24fb82df240bdab4d0) Importer(815301076,1909f56bfc062723c751e8b465ee728b)
Start importing Assets/Sunny Land Forest Assets using Guid(86963c703b7e7f24fb82df240bdab4d0) Importer(815301076,1909f56bfc062723c751e8b465ee728b)  -> (artifact id: 'e68556b38c72c92d3812370fba2a4d9d') in 0.016633 seconds
  Import took 0.019977 seconds .

========================================================================
Received Import Request.
  Time since last request: 72.733152 seconds.
  path: Assets/Sunnyland/artwork
  artifactKey: Guid(2f17d1e6a207e4d8eb72bd03b1b645ac) Importer(815301076,1909f56bfc062723c751e8b465ee728b)
Start importing Assets/Sunnyland/artwork using Guid(2f17d1e6a207e4d8eb72bd03b1b645ac) Importer(815301076,1909f56bfc062723c751e8b465ee728b)  -> (artifact id: '29476d1aaad30edb6fb88eb5980d57ff') in 0.013828 seconds
  Import took 0.018203 seconds .

========================================================================
Received Import Request.
  Time since last request: 1.341111 seconds.
  path: Assets/Sunnyland/artwork/Environment
  artifactKey: Guid(7174750bdca91466fa784bba50da49b4) Importer(815301076,1909f56bfc062723c751e8b465ee728b)
Start importing Assets/Sunnyland/artwork/Environment using Guid(7174750bdca91466fa784bba50da49b4) Importer(815301076,1909f56bfc062723c751e8b465ee728b)  -> (artifact id: '5c9d4cb653c11954c8a934c4b5b4a9fb') in 0.013152 seconds
  Import took 0.017019 seconds .

========================================================================
Received Import Request.
  Time since last request: 0.080356 seconds.
  path: Assets/Sunnyland/artwork/Environment/back.png
  artifactKey: Guid(8e160a2a620644cd6afef9119dad1093) Importer(815301076,1909f56bfc062723c751e8b465ee728b)
Start importing Assets/Sunnyland/artwork/Environment/back.png using Guid(8e160a2a620644cd6afef9119dad1093) Importer(815301076,1909f56bfc062723c751e8b465ee728b)  -> (artifact id: '566eb78831326e35a71f473bb732febb') in 0.218495 seconds
  Import took 0.223804 seconds .

========================================================================
Received Import Request.
  Time since last request: 0.000311 seconds.
  path: Assets/Sunnyland/artwork/Environment/tileset-sliced.png
  artifactKey: Guid(261212b977f594d5dbc48631a5c1295c) Importer(815301076,1909f56bfc062723c751e8b465ee728b)
Start importing Assets/Sunnyland/artwork/Environment/tileset-sliced.png using Guid(261212b977f594d5dbc48631a5c1295c) Importer(815301076,1909f56bfc062723c751e8b465ee728b)  -> (artifact id: 'c6b9ad5edad71c2efbd10dc41236cb38') in 0.202201 seconds
  Import took 0.205866 seconds .

========================================================================
Received Import Request.
  Time since last request: 0.000353 seconds.
  path: Assets/Sunnyland/artwork/Environment/middle.png
  artifactKey: Guid(de41d366c687a46beb6a9acaa88c12db) Importer(815301076,1909f56bfc062723c751e8b465ee728b)
Start importing Assets/Sunnyland/artwork/Environment/middle.png using Guid(de41d366c687a46beb6a9acaa88c12db) Importer(815301076,1909f56bfc062723c751e8b465ee728b)  -> (artifact id: '4973d76833d39fab1c5271bc4aa804e7') in 0.037738 seconds
  Import took 0.040712 seconds .

========================================================================
Received Import Request.
  Time since last request: 0.000320 seconds.
  path: Assets/Sunnyland/artwork/Environment/tileset.png
  artifactKey: Guid(3b66e1a27c9634fe9a4746c47eeda7cc) Importer(815301076,1909f56bfc062723c751e8b465ee728b)
Start importing Assets/Sunnyland/artwork/Environment/tileset.png using Guid(3b66e1a27c9634fe9a4746c47eeda7cc) Importer(815301076,1909f56bfc062723c751e8b465ee728b)  -> (artifact id: '6d6e9af9f9d3f5f2b628e41e6ef5331f') in 0.028596 seconds
  Import took 0.031727 seconds .

========================================================================
Received Import Request.
  Time since last request: 8.751848 seconds.
  path: Assets/Sunny Land Forest Assets/Artwork
  artifactKey: Guid(7774928dfb56d4efe8834b695ec6b292) Importer(815301076,1909f56bfc062723c751e8b465ee728b)
Start importing Assets/Sunny Land Forest Assets/Artwork using Guid(7774928dfb56d4efe8834b695ec6b292) Importer(815301076,1909f56bfc062723c751e8b465ee728b)  -> (artifact id: 'b104eebf774fb85ab220beed5d94d564') in 0.019068 seconds
  Import took 0.023546 seconds .

========================================================================
Received Import Request.
  Time since last request: 0.471234 seconds.
  path: Assets/Sunny Land Forest Assets/Artwork/Environment
  artifactKey: Guid(247f99824090f46c28786894c8d359d1) Importer(815301076,1909f56bfc062723c751e8b465ee728b)
Start importing Assets/Sunny Land Forest Assets/Artwork/Environment using Guid(247f99824090f46c28786894c8d359d1) Importer(815301076,1909f56bfc062723c751e8b465ee728b)  -> (artifact id: 'a71a00db5850eac084621eef5a0a691f') in 0.011929 seconds
  Import took 0.016646 seconds .

========================================================================
Received Import Request.
  Time since last request: 0.047006 seconds.
  path: Assets/Sunny Land Forest Assets/Artwork/Environment/background.png
  artifactKey: Guid(0ec7f03d689614a43ae2aeba2db954c0) Importer(815301076,1909f56bfc062723c751e8b465ee728b)
Start importing Assets/Sunny Land Forest Assets/Artwork/Environment/background.png using Guid(0ec7f03d689614a43ae2aeba2db954c0) Importer(815301076,1909f56bfc062723c751e8b465ee728b)  -> (artifact id: '17605fdc23bcd404377455171fb143aa') in 0.028797 seconds
  Import took 0.033271 seconds .

========================================================================
Received Import Request.
  Time since last request: 0.000391 seconds.
  path: Assets/Sunny Land Forest Assets/Artwork/Environment/tileset_preview.png
  artifactKey: Guid(c7023aa968e634fc886642f0d99afe29) Importer(815301076,1909f56bfc062723c751e8b465ee728b)
Start importing Assets/Sunny Land Forest Assets/Artwork/Environment/tileset_preview.png using Guid(c7023aa968e634fc886642f0d99afe29) Importer(815301076,1909f56bfc062723c751e8b465ee728b)  -> (artifact id: 'bc93c77b38843c7f7c875ca5addcc47b') in 0.044421 seconds
  Import took 0.047471 seconds .

========================================================================
Received Import Request.
  Time since last request: 0.000290 seconds.
  path: Assets/Sunny Land Forest Assets/Artwork/Environment/environment-preview.png
  artifactKey: Guid(a19e9edb7c8f94be391773f155002823) Importer(815301076,1909f56bfc062723c751e8b465ee728b)
Start importing Assets/Sunny Land Forest Assets/Artwork/Environment/environment-preview.png using Guid(a19e9edb7c8f94be391773f155002823) Importer(815301076,1909f56bfc062723c751e8b465ee728b)  -> (artifact id: '61411ab5b9d1579c07081867f16d8b00') in 0.046129 seconds
  Import took 0.049161 seconds .

========================================================================
Received Import Request.
  Time since last request: 0.000316 seconds.
  path: Assets/Sunny Land Forest Assets/Artwork/Environment/middleground.png
  artifactKey: Guid(d826448c67ac24a828938a397a088786) Importer(815301076,1909f56bfc062723c751e8b465ee728b)
Start importing Assets/Sunny Land Forest Assets/Artwork/Environment/middleground.png using Guid(d826448c67ac24a828938a397a088786) Importer(815301076,1909f56bfc062723c751e8b465ee728b)  -> (artifact id: 'c0874b6f713a7d1e78ac16715f463d94') in 0.032894 seconds
  Import took 0.036008 seconds .

========================================================================
Received Import Request.
  Time since last request: 0.000324 seconds.
  path: Assets/Sunny Land Forest Assets/Artwork/Environment/tileset.png
  artifactKey: Guid(2eeb0d4e8888f48459040781a511455e) Importer(815301076,1909f56bfc062723c751e8b465ee728b)
Start importing Assets/Sunny Land Forest Assets/Artwork/Environment/tileset.png using Guid(2eeb0d4e8888f48459040781a511455e) Importer(815301076,1909f56bfc062723c751e8b465ee728b)  -> (artifact id: 'bb7c7eb40f568c9770d46a869f400102') in 0.163406 seconds
  Import took 0.167095 seconds .

========================================================================
Received Import Request.
  Time since last request: 0.000376 seconds.
  path: Assets/Sunny Land Forest Assets/Artwork/Environment/middleground.png
  artifactKey: Guid(d826448c67ac24a828938a397a088786) Importer(815301076,1909f56bfc062723c751e8b465ee728b)
Start importing Assets/Sunny Land Forest Assets/Artwork/Environment/middleground.png using Guid(d826448c67ac24a828938a397a088786) Importer(815301076,1909f56bfc062723c751e8b465ee728b)  -> (artifact id: 'c0874b6f713a7d1e78ac16715f463d94') in 0.033085 seconds
  Import took 0.036539 seconds .

========================================================================
Received Import Request.
  Time since last request: 114.314369 seconds.
  path: Assets/Sunny Land Forest Assets/Artwork/Environment/props
  artifactKey: Guid(c162b12424990469597a96556299ce8b) Importer(815301076,1909f56bfc062723c751e8b465ee728b)
Start importing Assets/Sunny Land Forest Assets/Artwork/Environment/props using Guid(c162b12424990469597a96556299ce8b) Importer(815301076,1909f56bfc062723c751e8b465ee728b)  -> (artifact id: '97d332307df3ec52f064935b56967d51') in 0.015322 seconds
  Import took 0.019807 seconds .

========================================================================
Received Import Request.
  Time since last request: 0.088946 seconds.
  path: Assets/Sunny Land Forest Assets/Artwork/Environment/props/house.png
  artifactKey: Guid(fedea871f17ee403aba600401b9d9a8d) Importer(815301076,1909f56bfc062723c751e8b465ee728b)
Start importing Assets/Sunny Land Forest Assets/Artwork/Environment/props/house.png using Guid(fedea871f17ee403aba600401b9d9a8d) Importer(815301076,1909f56bfc062723c751e8b465ee728b)  -> (artifact id: '819bd8cc694086d71baf78e9f826cda3') in 0.032424 seconds
  Import took 0.037987 seconds .

========================================================================
Received Import Request.
  Time since last request: 0.000335 seconds.
  path: Assets/Sunny Land Forest Assets/Artwork/Environment/props/mushroom-brown.png
  artifactKey: Guid(4417e5e080315474c9cf62428e4551e8) Importer(815301076,1909f56bfc062723c751e8b465ee728b)
Start importing Assets/Sunny Land Forest Assets/Artwork/Environment/props/mushroom-brown.png using Guid(4417e5e080315474c9cf62428e4551e8) Importer(815301076,1909f56bfc062723c751e8b465ee728b)  -> (artifact id: '9d96524acbd129c0d94c71cdbeaf1668') in 0.036558 seconds
  Import took 0.040135 seconds .

========================================================================
Received Import Request.
  Time since last request: 0.000292 seconds.
  path: Assets/Sunny Land Forest Assets/Artwork/Environment/props/vine.png
  artifactKey: Guid(07e41a4feae544b6e8ce053545f68e4d) Importer(815301076,1909f56bfc062723c751e8b465ee728b)
Start importing Assets/Sunny Land Forest Assets/Artwork/Environment/props/vine.png using Guid(07e41a4feae544b6e8ce053545f68e4d) Importer(815301076,1909f56bfc062723c751e8b465ee728b)  -> (artifact id: '763a75271dd11bbdbc4ec206ffcedbd2') in 0.025944 seconds
  Import took 0.029254 seconds .

========================================================================
Received Import Request.
  Time since last request: 0.000278 seconds.
  path: Assets/Sunny Land Forest Assets/Artwork/Environment/props/rock.png
  artifactKey: Guid(5a9da1b2511d54f8c82476e3ea9d2b85) Importer(815301076,1909f56bfc062723c751e8b465ee728b)
Start importing Assets/Sunny Land Forest Assets/Artwork/Environment/props/rock.png using Guid(5a9da1b2511d54f8c82476e3ea9d2b85) Importer(815301076,1909f56bfc062723c751e8b465ee728b)  -> (artifact id: '88e8c4b449645785102d8396a7b189b1') in 0.032563 seconds
  Import took 0.035482 seconds .

========================================================================
Received Import Request.
  Time since last request: 0.000380 seconds.
  path: Assets/Sunny Land Forest Assets/Artwork/Environment/props/plant.png
  artifactKey: Guid(5f8faaf7bc08f478fa9d600f48632355) Importer(815301076,1909f56bfc062723c751e8b465ee728b)
Start importing Assets/Sunny Land Forest Assets/Artwork/Environment/props/plant.png using Guid(5f8faaf7bc08f478fa9d600f48632355) Importer(815301076,1909f56bfc062723c751e8b465ee728b)  -> (artifact id: 'b81941e1cb00b804ed0ade57f0038275') in 0.026803 seconds
  Import took 0.029751 seconds .

========================================================================
Received Import Request.
  Time since last request: 0.000276 seconds.
  path: Assets/Sunny Land Forest Assets/Artwork/Environment/props/tree.png
  artifactKey: Guid(da6a6286a0d4043d1b91c1d6f94bf1ef) Importer(815301076,1909f56bfc062723c751e8b465ee728b)
Start importing Assets/Sunny Land Forest Assets/Artwork/Environment/props/tree.png using Guid(da6a6286a0d4043d1b91c1d6f94bf1ef) Importer(815301076,1909f56bfc062723c751e8b465ee728b)  -> (artifact id: '488aa915f17bc2ee2286b319e13fd086') in 0.026297 seconds
  Import took 0.029081 seconds .

========================================================================
Received Import Request.
  Time since last request: 0.000265 seconds.
  path: Assets/Sunny Land Forest Assets/Artwork/Environment/props/mushroom-red.png
  artifactKey: Guid(6c7eac1744b6b4e10b3f1c98b84d5dbb) Importer(815301076,1909f56bfc062723c751e8b465ee728b)
Start importing Assets/Sunny Land Forest Assets/Artwork/Environment/props/mushroom-red.png using Guid(6c7eac1744b6b4e10b3f1c98b84d5dbb) Importer(815301076,1909f56bfc062723c751e8b465ee728b)  -> (artifact id: '1157f70dd68a97b9af05d8b9344e4a3f') in 0.024089 seconds
  Import took 0.026865 seconds .

========================================================================
Received Import Request.
  Time since last request: 77.934687 seconds.
  path: Assets/Sunny Land Forest Assets/Artwork/Sprites
  artifactKey: Guid(d7fe996c19f744990bde1c61ab62f222) Importer(815301076,1909f56bfc062723c751e8b465ee728b)
Start importing Assets/Sunny Land Forest Assets/Artwork/Sprites using Guid(d7fe996c19f744990bde1c61ab62f222) Importer(815301076,1909f56bfc062723c751e8b465ee728b)  -> (artifact id: 'c553c62a4d5ee2d45d0715d4442e66b7') in 0.016557 seconds
  Import took 0.020710 seconds .

========================================================================
Received Import Request.
  Time since last request: 1.889056 seconds.
  path: Assets/Sunny Land Forest Assets/Artwork/Sprites/enemies
  artifactKey: Guid(8131f9f5a17e944ada17a0d86ba2bef3) Importer(815301076,1909f56bfc062723c751e8b465ee728b)
Start importing Assets/Sunny Land Forest Assets/Artwork/Sprites/enemies using Guid(8131f9f5a17e944ada17a0d86ba2bef3) Importer(815301076,1909f56bfc062723c751e8b465ee728b)  -> (artifact id: 'c28aa3e9c16f3e94bde2b1ce2e978196') in 0.015713 seconds
  Import took 0.019825 seconds .

========================================================================
Received Import Request.
  Time since last request: 0.732861 seconds.
  path: Assets/Sunny Land Forest Assets/Artwork/Sprites/enemies/bee
  artifactKey: Guid(0520527195b1f49cbaf98ad3f65896b9) Importer(815301076,1909f56bfc062723c751e8b465ee728b)
Start importing Assets/Sunny Land Forest Assets/Artwork/Sprites/enemies/bee using Guid(0520527195b1f49cbaf98ad3f65896b9) Importer(815301076,1909f56bfc062723c751e8b465ee728b)  -> (artifact id: 'ee0e8b84a674ceed12e790aa35beca0b') in 0.020148 seconds
  Import took 0.024393 seconds .

========================================================================
Received Import Request.
  Time since last request: 0.071250 seconds.
  path: Assets/Sunny Land Forest Assets/Artwork/Sprites/enemies/bee/bee-1.png
  artifactKey: Guid(b44ad350aab99416da042ed03d420869) Importer(815301076,1909f56bfc062723c751e8b465ee728b)
Start importing Assets/Sunny Land Forest Assets/Artwork/Sprites/enemies/bee/bee-1.png using Guid(b44ad350aab99416da042ed03d420869) Importer(815301076,1909f56bfc062723c751e8b465ee728b)  -> (artifact id: '08e07297baaf3e0a1f90183b4e5d3ef0') in 0.025575 seconds
  Import took 0.029657 seconds .

========================================================================
Received Import Request.
  Time since last request: 0.000305 seconds.
  path: Assets/Sunny Land Forest Assets/Artwork/Sprites/enemies/bee/bee-7.png
  artifactKey: Guid(8e77a04c63c29476dac773c8e4af4c46) Importer(815301076,1909f56bfc062723c751e8b465ee728b)
Start importing Assets/Sunny Land Forest Assets/Artwork/Sprites/enemies/bee/bee-7.png using Guid(8e77a04c63c29476dac773c8e4af4c46) Importer(815301076,1909f56bfc062723c751e8b465ee728b)  -> (artifact id: '5ba99ad0bf62d202bfa1a7169218ba64') in 0.034642 seconds
  Import took 0.038033 seconds .

========================================================================
Received Import Request.
  Time since last request: 0.000388 seconds.
  path: Assets/Sunny Land Forest Assets/Artwork/Sprites/enemies/bee/bee-5.png
  artifactKey: Guid(28b10e96f632c42ac8e50d8bfa481408) Importer(815301076,1909f56bfc062723c751e8b465ee728b)
Start importing Assets/Sunny Land Forest Assets/Artwork/Sprites/enemies/bee/bee-5.png using Guid(28b10e96f632c42ac8e50d8bfa481408) Importer(815301076,1909f56bfc062723c751e8b465ee728b)  -> (artifact id: '9c98122f7b05525b8c8703f9cab81fef') in 0.026615 seconds
  Import took 0.029970 seconds .

========================================================================
Received Import Request.
  Time since last request: 0.000287 seconds.
  path: Assets/Sunny Land Forest Assets/Artwork/Sprites/enemies/bee/bee-4.png
  artifactKey: Guid(a56580789acf348ed9fab74803ac808a) Importer(815301076,1909f56bfc062723c751e8b465ee728b)
Start importing Assets/Sunny Land Forest Assets/Artwork/Sprites/enemies/bee/bee-4.png using Guid(a56580789acf348ed9fab74803ac808a) Importer(815301076,1909f56bfc062723c751e8b465ee728b)  -> (artifact id: '9ab5f61bf7ff64b5666d0a08de5a562b') in 0.028564 seconds
  Import took 0.031964 seconds .

========================================================================
Received Import Request.
  Time since last request: 0.000327 seconds.
  path: Assets/Sunny Land Forest Assets/Artwork/Sprites/enemies/bee/bee-3.png
  artifactKey: Guid(9ea51be9f59364c69a4655d2b329cc78) Importer(815301076,1909f56bfc062723c751e8b465ee728b)
Start importing Assets/Sunny Land Forest Assets/Artwork/Sprites/enemies/bee/bee-3.png using Guid(9ea51be9f59364c69a4655d2b329cc78) Importer(815301076,1909f56bfc062723c751e8b465ee728b)  -> (artifact id: '9e8a9ccfe18d10d899c50427d6f24c50') in 0.026430 seconds
  Import took 0.030078 seconds .

========================================================================
Received Import Request.
  Time since last request: 0.000297 seconds.
  path: Assets/Sunny Land Forest Assets/Artwork/Sprites/enemies/bee/bee-6.png
  artifactKey: Guid(32a52018efe8d4da0b321b889a993eee) Importer(815301076,1909f56bfc062723c751e8b465ee728b)
Start importing Assets/Sunny Land Forest Assets/Artwork/Sprites/enemies/bee/bee-6.png using Guid(32a52018efe8d4da0b321b889a993eee) Importer(815301076,1909f56bfc062723c751e8b465ee728b)  -> (artifact id: '3571b3743205e00ead91d29111ddd0bb') in 0.025937 seconds
  Import took 0.030229 seconds .

========================================================================
Received Import Request.
  Time since last request: 0.000323 seconds.
  path: Assets/Sunny Land Forest Assets/Artwork/Sprites/enemies/bee/bee-8.png
  artifactKey: Guid(e8a306ff172224d878af749a5e63deee) Importer(815301076,1909f56bfc062723c751e8b465ee728b)
Start importing Assets/Sunny Land Forest Assets/Artwork/Sprites/enemies/bee/bee-8.png using Guid(e8a306ff172224d878af749a5e63deee) Importer(815301076,1909f56bfc062723c751e8b465ee728b)  -> (artifact id: 'da1176f9f23db8f4658b77ee7cd8a705') in 0.026777 seconds
  Import took 0.030541 seconds .

========================================================================
Received Import Request.
  Time since last request: 0.000258 seconds.
  path: Assets/Sunny Land Forest Assets/Artwork/Sprites/enemies/bee/bee-2.png
  artifactKey: Guid(48f7d4838cc984b75937d90760cd6762) Importer(815301076,1909f56bfc062723c751e8b465ee728b)
Start importing Assets/Sunny Land Forest Assets/Artwork/Sprites/enemies/bee/bee-2.png using Guid(48f7d4838cc984b75937d90760cd6762) Importer(815301076,1909f56bfc062723c751e8b465ee728b)  -> (artifact id: 'cea741d5a477a6b311afdbe09ea41a35') in 0.025035 seconds
  Import took 0.027938 seconds .

========================================================================
Received Import Request.
  Time since last request: 0.004826 seconds.
  path: Assets/Sunny Land Forest Assets/Artwork/Sprites/enemies/bee/bee-2.png
  artifactKey: Guid(48f7d4838cc984b75937d90760cd6762) Importer(815301076,1909f56bfc062723c751e8b465ee728b)
Start importing Assets/Sunny Land Forest Assets/Artwork/Sprites/enemies/bee/bee-2.png using Guid(48f7d4838cc984b75937d90760cd6762) Importer(815301076,1909f56bfc062723c751e8b465ee728b)  -> (artifact id: 'cea741d5a477a6b311afdbe09ea41a35') in 0.019353 seconds
  Import took 0.023210 seconds .

========================================================================
Received Import Request.
  Time since last request: 131.182964 seconds.
  path: Assets/Sunny Land Forest Assets/Artwork/Environment/tileset.png
  artifactKey: Guid(2eeb0d4e8888f48459040781a511455e) Importer(815301076,1909f56bfc062723c751e8b465ee728b)
Start importing Assets/Sunny Land Forest Assets/Artwork/Environment/tileset.png using Guid(2eeb0d4e8888f48459040781a511455e) Importer(815301076,1909f56bfc062723c751e8b465ee728b)  -> (artifact id: '60c29a3ab915e97c25aa9901ea11a3e1') in 0.176477 seconds
  Import took 0.180562 seconds .

========================================================================
Received Import Request.
  Time since last request: 81.512530 seconds.
  path: Assets/Sunnyland/artwork/Environment/tileset-sliced.png
  artifactKey: Guid(261212b977f594d5dbc48631a5c1295c) Importer(815301076,1909f56bfc062723c751e8b465ee728b)
Start importing Assets/Sunnyland/artwork/Environment/tileset-sliced.png using Guid(261212b977f594d5dbc48631a5c1295c) Importer(815301076,1909f56bfc062723c751e8b465ee728b)  -> (artifact id: '2d07f29ce672919658a40fa3ce6fd4d5') in 0.244653 seconds
  Import took 0.248919 seconds .

========================================================================
Received Import Request.
  Time since last request: 294.670379 seconds.
  path: Assets/Sunnyland/artwork/Environment/props
  artifactKey: Guid(15e7312e0607f4e84aeacdc44a70744c) Importer(815301076,1909f56bfc062723c751e8b465ee728b)
Start importing Assets/Sunnyland/artwork/Environment/props using Guid(15e7312e0607f4e84aeacdc44a70744c) Importer(815301076,1909f56bfc062723c751e8b465ee728b)  -> (artifact id: '6beb10b361701c642f655b650c6c9278') in 0.011711 seconds
  Import took 0.017276 seconds .

========================================================================
Received Import Request.
  Time since last request: 0.067623 seconds.
  path: Assets/Sunnyland/artwork/Environment/props/big-crate.png
  artifactKey: Guid(3fc2bbd409bf34ab6af1637bab569da1) Importer(815301076,1909f56bfc062723c751e8b465ee728b)
Start importing Assets/Sunnyland/artwork/Environment/props/big-crate.png using Guid(3fc2bbd409bf34ab6af1637bab569da1) Importer(815301076,1909f56bfc062723c751e8b465ee728b)  -> (artifact id: '29ba457d0bb59466bef093ba2e17613a') in 0.032690 seconds
  Import took 0.039661 seconds .

========================================================================
Received Import Request.
  Time since last request: 0.000302 seconds.
  path: Assets/Sunnyland/artwork/Environment/props/spikes-top.png
  artifactKey: Guid(c6803a2a3fe7f45e786b788e8ddb6771) Importer(815301076,1909f56bfc062723c751e8b465ee728b)
Start importing Assets/Sunnyland/artwork/Environment/props/spikes-top.png using Guid(c6803a2a3fe7f45e786b788e8ddb6771) Importer(815301076,1909f56bfc062723c751e8b465ee728b)  -> (artifact id: 'd941df1923ab8aa15e32fe87da166734') in 0.032478 seconds
  Import took 0.036081 seconds .

========================================================================
Received Import Request.
  Time since last request: 0.000318 seconds.
  path: Assets/Sunnyland/artwork/Environment/props/crate.png
  artifactKey: Guid(794aa25d484d140d89ea9601c122ece0) Importer(815301076,1909f56bfc062723c751e8b465ee728b)
Start importing Assets/Sunnyland/artwork/Environment/props/crate.png using Guid(794aa25d484d140d89ea9601c122ece0) Importer(815301076,1909f56bfc062723c751e8b465ee728b)  -> (artifact id: '4fe4f71ebcfd98259bd56a2dfec62977') in 0.046015 seconds
  Import took 0.049724 seconds .

========================================================================
Received Import Request.
  Time since last request: 0.000387 seconds.
  path: Assets/Sunnyland/artwork/Environment/props/spike-skull.png
  artifactKey: Guid(a225befe4953547da8c4133e5d585029) Importer(815301076,1909f56bfc062723c751e8b465ee728b)
Start importing Assets/Sunnyland/artwork/Environment/props/spike-skull.png using Guid(a225befe4953547da8c4133e5d585029) Importer(815301076,1909f56bfc062723c751e8b465ee728b)  -> (artifact id: 'dfe19745f410494ae484f052ed966cec') in 0.025258 seconds
  Import took 0.028340 seconds .

========================================================================
Received Import Request.
  Time since last request: 0.000290 seconds.
  path: Assets/Sunnyland/artwork/Environment/props/tree.png
  artifactKey: Guid(f7187675ec12e4aacaeb0e97ad31230a) Importer(815301076,1909f56bfc062723c751e8b465ee728b)
Start importing Assets/Sunnyland/artwork/Environment/props/tree.png using Guid(f7187675ec12e4aacaeb0e97ad31230a) Importer(815301076,1909f56bfc062723c751e8b465ee728b)  -> (artifact id: '55143d4f9bfb529a43bec7c350760be8') in 0.027381 seconds
  Import took 0.030493 seconds .

========================================================================
Received Import Request.
  Time since last request: 0.000258 seconds.
  path: Assets/Sunnyland/artwork/Environment/props/door.png
  artifactKey: Guid(8a26d60fb45014bcd9bb392106f7c98b) Importer(815301076,1909f56bfc062723c751e8b465ee728b)
Start importing Assets/Sunnyland/artwork/Environment/props/door.png using Guid(8a26d60fb45014bcd9bb392106f7c98b) Importer(815301076,1909f56bfc062723c751e8b465ee728b)  -> (artifact id: '84f3cba2dc543cdd3c00c29579e3002b') in 0.029447 seconds
  Import took 0.032432 seconds .

========================================================================
Received Import Request.
  Time since last request: 0.000257 seconds.
  path: Assets/Sunnyland/artwork/Environment/props/spikes.png
  artifactKey: Guid(0049772a1acaf4a49b69bb504ffe2669) Importer(815301076,1909f56bfc062723c751e8b465ee728b)
Start importing Assets/Sunnyland/artwork/Environment/props/spikes.png using Guid(0049772a1acaf4a49b69bb504ffe2669) Importer(815301076,1909f56bfc062723c751e8b465ee728b)  -> (artifact id: '0c3ca01a719bd60aec715f472ee10976') in 0.038615 seconds
  Import took 0.041418 seconds .

========================================================================
Received Import Request.
  Time since last request: 0.000239 seconds.
  path: Assets/Sunnyland/artwork/Environment/props/platform-long.png
  artifactKey: Guid(15fdc3c0ac15e4a62b3f968392db8b58) Importer(815301076,1909f56bfc062723c751e8b465ee728b)
Start importing Assets/Sunnyland/artwork/Environment/props/platform-long.png using Guid(15fdc3c0ac15e4a62b3f968392db8b58) Importer(815301076,1909f56bfc062723c751e8b465ee728b)  -> (artifact id: '41c5d3f0d5b06d215c8149079dbfbabb') in 0.035730 seconds
  Import took 0.038465 seconds .

========================================================================
Received Import Request.
  Time since last request: 0.000305 seconds.
  path: Assets/Sunnyland/artwork/Environment/props/bush.png
  artifactKey: Guid(ecc204495234d40f091d828790c56287) Importer(815301076,1909f56bfc062723c751e8b465ee728b)
Start importing Assets/Sunnyland/artwork/Environment/props/bush.png using Guid(ecc204495234d40f091d828790c56287) Importer(815301076,1909f56bfc062723c751e8b465ee728b)  -> (artifact id: '19f2e99d9f234529c8cd9c361ae77831') in 0.024452 seconds
  Import took 0.027225 seconds .

========================================================================
Received Import Request.
  Time since last request: 0.000271 seconds.
  path: Assets/Sunnyland/artwork/Environment/props/sign.png
  artifactKey: Guid(42820af2772f24bda991ed7de294c2fd) Importer(815301076,1909f56bfc062723c751e8b465ee728b)
Start importing Assets/Sunnyland/artwork/Environment/props/sign.png using Guid(42820af2772f24bda991ed7de294c2fd) Importer(815301076,1909f56bfc062723c751e8b465ee728b)  -> (artifact id: '25edea5e5f63bdf8b52c41a65a17c412') in 0.027946 seconds
  Import took 0.031299 seconds .

========================================================================
Received Import Request.
  Time since last request: 0.000256 seconds.
  path: Assets/Sunnyland/artwork/Environment/props/crank-down.png
  artifactKey: Guid(d3240c946631a4966b1bcab3db999126) Importer(815301076,1909f56bfc062723c751e8b465ee728b)
Start importing Assets/Sunnyland/artwork/Environment/props/crank-down.png using Guid(d3240c946631a4966b1bcab3db999126) Importer(815301076,1909f56bfc062723c751e8b465ee728b)  -> (artifact id: '27202d43117796464a41f0a6fad162fd') in 0.030100 seconds
  Import took 0.032968 seconds .

========================================================================
Received Import Request.
  Time since last request: 0.000231 seconds.
  path: Assets/Sunnyland/artwork/Environment/props/shrooms.png
  artifactKey: Guid(f106f73fc33df4c4d9a3e8a5cb54db28) Importer(815301076,1909f56bfc062723c751e8b465ee728b)
Start importing Assets/Sunnyland/artwork/Environment/props/shrooms.png using Guid(f106f73fc33df4c4d9a3e8a5cb54db28) Importer(815301076,1909f56bfc062723c751e8b465ee728b)  -> (artifact id: '7a0927c1849ecc682daf9953ec3b32b4') in 0.033533 seconds
  Import took 0.036559 seconds .

========================================================================
Received Import Request.
  Time since last request: 0.000249 seconds.
  path: Assets/Sunnyland/artwork/Environment/props/skulls.png
  artifactKey: Guid(a86fabb3151544d25b4310ff397f732a) Importer(815301076,1909f56bfc062723c751e8b465ee728b)
Start importing Assets/Sunnyland/artwork/Environment/props/skulls.png using Guid(a86fabb3151544d25b4310ff397f732a) Importer(815301076,1909f56bfc062723c751e8b465ee728b)  -> (artifact id: '36abe0c6325b1cc84227bf81665a9bce') in 0.026760 seconds
  Import took 0.029480 seconds .

========================================================================
Received Import Request.
  Time since last request: 0.000255 seconds.
  path: Assets/Sunnyland/artwork/Environment/props/house.png
  artifactKey: Guid(52422ada2db954026a3ae1f1ba6b4486) Importer(815301076,1909f56bfc062723c751e8b465ee728b)
Start importing Assets/Sunnyland/artwork/Environment/props/house.png using Guid(52422ada2db954026a3ae1f1ba6b4486) Importer(815301076,1909f56bfc062723c751e8b465ee728b)  -> (artifact id: 'ce87addbe80e476cf1329e47eebacf5d') in 0.027123 seconds
  Import took 0.030250 seconds .

========================================================================
Received Import Request.
  Time since last request: 0.000279 seconds.
  path: Assets/Sunnyland/artwork/Environment/props/face-block.png
  artifactKey: Guid(f34e83b5f0fe1432cb87276148dc6341) Importer(815301076,1909f56bfc062723c751e8b465ee728b)
Start importing Assets/Sunnyland/artwork/Environment/props/face-block.png using Guid(f34e83b5f0fe1432cb87276148dc6341) Importer(815301076,1909f56bfc062723c751e8b465ee728b)  -> (artifact id: '6e43ce71a440162859bc34a5ffd52187') in 0.034786 seconds
  Import took 0.038288 seconds .

========================================================================
Received Import Request.
  Time since last request: 0.000289 seconds.
  path: Assets/Sunnyland/artwork/Environment/props/rock.png
  artifactKey: Guid(3604a08945c65491a9ffb90ad9a8ff57) Importer(815301076,1909f56bfc062723c751e8b465ee728b)
Start importing Assets/Sunnyland/artwork/Environment/props/rock.png using Guid(3604a08945c65491a9ffb90ad9a8ff57) Importer(815301076,1909f56bfc062723c751e8b465ee728b)  -> (artifact id: '3b460fd226c55dbbecb296e9b8b8f54b') in 0.026120 seconds
  Import took 0.028901 seconds .

========================================================================
Received Import Request.
  Time since last request: 0.000264 seconds.
  path: Assets/Sunnyland/artwork/Environment/props/block-big.png
  artifactKey: Guid(5bccf13ce09bd43e39c1c3416d5de92c) Importer(815301076,1909f56bfc062723c751e8b465ee728b)
Start importing Assets/Sunnyland/artwork/Environment/props/block-big.png using Guid(5bccf13ce09bd43e39c1c3416d5de92c) Importer(815301076,1909f56bfc062723c751e8b465ee728b)  -> (artifact id: '02d6797838b16df3faa0c6846f8fab40') in 0.024678 seconds
  Import took 0.027753 seconds .

========================================================================
Received Import Request.
  Time since last request: 0.000254 seconds.
  path: Assets/Sunnyland/artwork/Environment/props/block.png
  artifactKey: Guid(8a8849b7b8b964564b9e89cb1ded0658) Importer(815301076,1909f56bfc062723c751e8b465ee728b)
Start importing Assets/Sunnyland/artwork/Environment/props/block.png using Guid(8a8849b7b8b964564b9e89cb1ded0658) Importer(815301076,1909f56bfc062723c751e8b465ee728b)  -> (artifact id: '67c1bc5c4cdbbe8b5cd4030476a329a7') in 0.037053 seconds
  Import took 0.039882 seconds .

========================================================================
Received Import Request.
  Time since last request: 0.000235 seconds.
  path: Assets/Sunnyland/artwork/Environment/props/crank-up.png
  artifactKey: Guid(441a2d89600064d4d9ced045b19d0ae6) Importer(815301076,1909f56bfc062723c751e8b465ee728b)
Start importing Assets/Sunnyland/artwork/Environment/props/crank-up.png using Guid(441a2d89600064d4d9ced045b19d0ae6) Importer(815301076,1909f56bfc062723c751e8b465ee728b)  -> (artifact id: '1eebccfdc114e36fe435ecb608da69b2') in 0.035748 seconds
  Import took 0.038410 seconds .

========================================================================
Received Import Request.
  Time since last request: 0.000249 seconds.
  path: Assets/Sunnyland/artwork/Environment/props/small-platform.png
  artifactKey: Guid(d3ae29bc873704d6197af9ad030f1b1c) Importer(815301076,1909f56bfc062723c751e8b465ee728b)
Start importing Assets/Sunnyland/artwork/Environment/props/small-platform.png using Guid(d3ae29bc873704d6197af9ad030f1b1c) Importer(815301076,1909f56bfc062723c751e8b465ee728b)  -> (artifact id: '2aaf4362ca728ce06e2ec24b8a350ed4') in 0.023452 seconds
  Import took 0.026394 seconds .

========================================================================
Received Import Request.
  Time since last request: 179.393044 seconds.
  path: ProjectSettings/TagManager.asset
  artifactKey: Guid(00000000000000003000000000000000) Importer(815301076,1909f56bfc062723c751e8b465ee728b)
Start importing ProjectSettings/TagManager.asset using Guid(00000000000000003000000000000000) Importer(815301076,1909f56bfc062723c751e8b465ee728b)  -> (artifact id: '412dcb57b31f49cb50955ec4e4cd9f98') in 0.041017 seconds
  Import took 0.046506 seconds .

========================================================================
Received Import Request.
  Time since last request: 233.813633 seconds.
  path: Assets/Sunnyland/artwork/Environment/props/door.png
  artifactKey: Guid(8a26d60fb45014bcd9bb392106f7c98b) Importer(815301076,1909f56bfc062723c751e8b465ee728b)
Start importing Assets/Sunnyland/artwork/Environment/props/door.png using Guid(8a26d60fb45014bcd9bb392106f7c98b) Importer(815301076,1909f56bfc062723c751e8b465ee728b)  -> (artifact id: '5618bb136106bacc056352698f73dbd4') in 0.034865 seconds
  Import took 0.039697 seconds .

========================================================================
Received Import Request.
  Time since last request: 696.627294 seconds.
  path: Assets/Sunnyland/artwork/Environment/props/platform-long.png
  artifactKey: Guid(15fdc3c0ac15e4a62b3f968392db8b58) Importer(815301076,1909f56bfc062723c751e8b465ee728b)
Start importing Assets/Sunnyland/artwork/Environment/props/platform-long.png using Guid(15fdc3c0ac15e4a62b3f968392db8b58) Importer(815301076,1909f56bfc062723c751e8b465ee728b)  -> (artifact id: 'bdf531afe356920878ef1f01c778c101') in 0.036804 seconds
  Import took 0.041716 seconds .

========================================================================
Received Import Request.
  Time since last request: 252.458131 seconds.
  path: Assets/Sunnyland/artwork/Environment/props/shrooms.png
  artifactKey: Guid(f106f73fc33df4c4d9a3e8a5cb54db28) Importer(815301076,1909f56bfc062723c751e8b465ee728b)
Start importing Assets/Sunnyland/artwork/Environment/props/shrooms.png using Guid(f106f73fc33df4c4d9a3e8a5cb54db28) Importer(815301076,1909f56bfc062723c751e8b465ee728b)  -> (artifact id: '3674ac05a8fe6bc3c6c58deb11009685') in 0.042390 seconds
  Import took 0.046655 seconds .

========================================================================
Received Import Request.
  Time since last request: 85.964102 seconds.
  path: Assets/Sunnyland/artwork/Environment/props/rock.png
  artifactKey: Guid(3604a08945c65491a9ffb90ad9a8ff57) Importer(815301076,1909f56bfc062723c751e8b465ee728b)
Start importing Assets/Sunnyland/artwork/Environment/props/rock.png using Guid(3604a08945c65491a9ffb90ad9a8ff57) Importer(815301076,1909f56bfc062723c751e8b465ee728b)  -> (artifact id: 'ee88ec3bc9a4fc7c3052094625e123b0') in 0.027417 seconds
  Import took 0.031583 seconds .

========================================================================
Received Import Request.
  Time since last request: 360.134245 seconds.
  path: Assets/Scenes/SampleScene.unity
  artifactKey: Guid(2cda990e2423bbf4892e6590ba056729) Importer(815301076,1909f56bfc062723c751e8b465ee728b)
Start importing Assets/Scenes/SampleScene.unity using Guid(2cda990e2423bbf4892e6590ba056729) Importer(815301076,1909f56bfc062723c751e8b465ee728b)  -> (artifact id: '55d65d5fff917f2d1ced4e7ecabd3689') in 0.022653 seconds
  Import took 0.028335 seconds .

========================================================================
Received Prepare
Registering precompiled user dll's ...
Registered in 0.003730 seconds.
Begin MonoManager ReloadAssembly
Native extension for WindowsStandalone target not found
Native extension for WebGL target not found
Refreshing native plugins compatible for Editor in 0.46 ms, found 1 plugins.
Preloading 0 native plugins for Editor in 0.00 ms.
Mono: successfully reloaded assembly
- Completed reload, in  0.976 seconds
Platform modules already initialized, skipping
Refreshing native plugins compatible for Editor in 0.45 ms, found 1 plugins.
Preloading 0 native plugins for Editor in 0.00 ms.
Unloading 1803 Unused Serialized files (Serialized files now loaded: 0)
System memory in use before: 88.1 MB.
System memory in use after: 88.1 MB.

Unloading 13 unused Assets to reduce memory usage. Loaded Objects now: 2316.
Total: 2.135500 ms (FindLiveObjects: 0.277400 ms CreateObjectMapping: 0.092800 ms MarkObjects: 1.654100 ms  DeleteObjects: 0.110000 ms)

========================================================================
Received Import Request.
  Time since last request: 52.498873 seconds.
  path: Assets/Scenes/birth_place.unity
  artifactKey: Guid(2cda990e2423bbf4892e6590ba056729) Importer(815301076,1909f56bfc062723c751e8b465ee728b)
Start importing Assets/Scenes/birth_place.unity using Guid(2cda990e2423bbf4892e6590ba056729) Importer(815301076,1909f56bfc062723c751e8b465ee728b)  -> (artifact id: '27966a8e310db623c2889698c2c11827') in 0.040334 seconds
  Import took 0.044683 seconds .

========================================================================
Received Prepare
Registering precompiled user dll's ...
Registered in 0.003628 seconds.
Begin MonoManager ReloadAssembly
Native extension for WindowsStandalone target not found
Native extension for WebGL target not found
Refreshing native plugins compatible for Editor in 0.48 ms, found 1 plugins.
Preloading 0 native plugins for Editor in 0.00 ms.
Mono: successfully reloaded assembly
- Completed reload, in  1.106 seconds
Platform modules already initialized, skipping
Refreshing native plugins compatible for Editor in 0.45 ms, found 1 plugins.
Preloading 0 native plugins for Editor in 0.00 ms.
Unloading 1803 Unused Serialized files (Serialized files now loaded: 0)
System memory in use before: 88.1 MB.
System memory in use after: 88.1 MB.

Unloading 12 unused Assets to reduce memory usage. Loaded Objects now: 2320.
Total: 2.026800 ms (FindLiveObjects: 0.181600 ms CreateObjectMapping: 0.071800 ms MarkObjects: 1.660300 ms  DeleteObjects: 0.112200 ms)

========================================================================
Received Prepare
Trying to reload asset but can't find object on disk

Trying to reload asset but can't find object on disk

Trying to reload asset but can't find object on disk

Trying to reload asset but can't find object on disk

Trying to reload asset but can't find object on disk

Trying to reload asset but can't find object on disk

Trying to reload asset but can't find object on disk

Trying to reload asset but can't find object on disk

Trying to reload asset but can't find object on disk

Trying to reload asset but can't find object on disk

Trying to reload asset but can't find object on disk

Trying to reload asset but can't find object on disk

Trying to reload asset but can't find object on disk

Trying to reload asset but can't find object on disk

Trying to reload asset but can't find object on disk

Trying to reload asset but can't find object on disk

Trying to reload asset but can't find object on disk

Registering precompiled user dll's ...
Registered in 0.002350 seconds.
Begin MonoManager ReloadAssembly
Native extension for WindowsStandalone target not found
Native extension for WebGL target not found
Refreshing native plugins compatible for Editor in 29.42 ms, found 0 plugins.
Preloading 0 native plugins for Editor in 0.00 ms.
Mono: successfully reloaded assembly
- Completed reload, in  0.978 seconds
Platform modules already initialized, skipping
Refreshing native plugins compatible for Editor in 0.33 ms, found 0 plugins.
Preloading 0 native plugins for Editor in 0.00 ms.
Unloading 1110 Unused Serialized files (Serialized files now loaded: 0)
System memory in use before: 73.7 MB.
System memory in use after: 73.8 MB.

Unloading 233 unused Assets to reduce memory usage. Loaded Objects now: 2092.
Total: 1.850000 ms (FindLiveObjects: 0.218900 ms CreateObjectMapping: 0.060500 ms MarkObjects: 1.438400 ms  DeleteObjects: 0.131000 ms)

AssetImportWorkerClient::OnTransportError - code=2 error=End of file
